{"/home/jose/Documents/school/architectures/pattern-criteria/src/app/products/application/get-all-products.application.ts": {"path":"/home/jose/Documents/school/architectures/pattern-criteria/src/app/products/application/get-all-products.application.ts","statementMap":{"0":{"start":{"line":3,"column":0},"end":{"line":3,"column":81}},"1":{"start":{"line":21,"column":25},"end":{"line":21,"column":75}},"2":{"start":{"line":22,"column":25},"end":{"line":22,"column":83}},"3":{"start":{"line":28,"column":8},"end":{"line":46,"column":9}},"4":{"start":{"line":29,"column":33},"end":{"line":29,"column":36}},"5":{"start":{"line":30,"column":29},"end":{"line":30,"column":78}},"6":{"start":{"line":31,"column":12},"end":{"line":33,"column":13}},"7":{"start":{"line":32,"column":16},"end":{"line":32,"column":68}},"8":{"start":{"line":35,"column":34},"end":{"line":35,"column":79}},"9":{"start":{"line":36,"column":29},"end":{"line":36,"column":57}},"10":{"start":{"line":37,"column":31},"end":{"line":37,"column":66}},"11":{"start":{"line":38,"column":49},"end":{"line":42,"column":null}},"12":{"start":{"line":43,"column":12},"end":{"line":43,"column":76}},"13":{"start":{"line":45,"column":12},"end":{"line":45,"column":72}},"14":{"start":{"line":19,"column":0},"end":{"line":19,"column":13}}},"fnMap":{"0":{"name":"(anonymous_0)","decl":{"start":{"line":20,"column":4},"end":{"line":20,"column":null}},"loc":{"start":{"line":22,"column":83},"end":{"line":23,"column":9}}},"1":{"name":"(anonymous_1)","decl":{"start":{"line":25,"column":11},"end":{"line":25,"column":16}},"loc":{"start":{"line":26,"column":34},"end":{"line":47,"column":5}}}},"branchMap":{"0":{"loc":{"start":{"line":31,"column":12},"end":{"line":33,"column":13}},"type":"if","locations":[{"start":{"line":31,"column":12},"end":{"line":33,"column":13}},{"start":{},"end":{}}]}},"s":{"0":1,"1":1,"2":1,"3":1,"4":1,"5":1,"6":0,"7":0,"8":0,"9":0,"10":0,"11":0,"12":0,"13":1,"14":1},"f":{"0":1,"1":1},"b":{"0":[0,0]}}
,"/home/jose/Documents/school/architectures/pattern-criteria/src/app/products/application/get-products-by-cursor.application.ts": {"path":"/home/jose/Documents/school/architectures/pattern-criteria/src/app/products/application/get-products-by-cursor.application.ts","statementMap":{"0":{"start":{"line":6,"column":0},"end":{"line":6,"column":81}},"1":{"start":{"line":31,"column":8},"end":{"line":31,"column":65}},"2":{"start":{"line":32,"column":8},"end":{"line":32,"column":53}},"3":{"start":{"line":38,"column":8},"end":{"line":77,"column":9}},"4":{"start":{"line":39,"column":33},"end":{"line":39,"column":36}},"5":{"start":{"line":40,"column":34},"end":{"line":40,"column":48}},"6":{"start":{"line":41,"column":39},"end":{"line":41,"column":58}},"7":{"start":{"line":43,"column":12},"end":{"line":52,"column":13}},"8":{"start":{"line":44,"column":30},"end":{"line":46,"column":null}},"9":{"start":{"line":48,"column":16},"end":{"line":50,"column":17}},"10":{"start":{"line":49,"column":20},"end":{"line":49,"column":70}},"11":{"start":{"line":51,"column":16},"end":{"line":51,"column":44}},"12":{"start":{"line":54,"column":29},"end":{"line":54,"column":78}},"13":{"start":{"line":55,"column":12},"end":{"line":57,"column":13}},"14":{"start":{"line":56,"column":16},"end":{"line":56,"column":66}},"15":{"start":{"line":59,"column":32},"end":{"line":59,"column":61}},"16":{"start":{"line":60,"column":26},"end":{"line":60,"column":95}},"17":{"start":{"line":62,"column":54},"end":{"line":69,"column":14}},"18":{"start":{"line":71,"column":12},"end":{"line":71,"column":76}},"19":{"start":{"line":74,"column":16},"end":{"line":74,"column":72}},"20":{"start":{"line":75,"column":12},"end":{"line":75,"column":84}},"21":{"start":{"line":76,"column":12},"end":{"line":76,"column":72}},"22":{"start":{"line":23,"column":0},"end":{"line":23,"column":13}}},"fnMap":{"0":{"name":"(anonymous_0)","decl":{"start":{"line":27,"column":4},"end":{"line":27,"column":null}},"loc":{"start":{"line":29,"column":46},"end":{"line":33,"column":5}}},"1":{"name":"(anonymous_1)","decl":{"start":{"line":35,"column":11},"end":{"line":35,"column":16}},"loc":{"start":{"line":36,"column":39},"end":{"line":78,"column":5}}}},"branchMap":{"0":{"loc":{"start":{"line":43,"column":12},"end":{"line":52,"column":13}},"type":"if","locations":[{"start":{"line":43,"column":12},"end":{"line":52,"column":13}},{"start":{},"end":{}}]},"1":{"loc":{"start":{"line":48,"column":16},"end":{"line":50,"column":17}},"type":"if","locations":[{"start":{"line":48,"column":16},"end":{"line":50,"column":17}},{"start":{},"end":{}}]},"2":{"loc":{"start":{"line":55,"column":12},"end":{"line":57,"column":13}},"type":"if","locations":[{"start":{"line":55,"column":12},"end":{"line":57,"column":13}},{"start":{},"end":{}}]},"3":{"loc":{"start":{"line":74,"column":16},"end":{"line":74,"column":72}},"type":"cond-expr","locations":[{"start":{"line":74,"column":41},"end":{"line":74,"column":54}},{"start":{"line":74,"column":57},"end":{"line":74,"column":72}}]}},"s":{"0":1,"1":1,"2":1,"3":2,"4":2,"5":2,"6":2,"7":2,"8":1,"9":1,"10":0,"11":1,"12":2,"13":2,"14":0,"15":2,"16":2,"17":2,"18":2,"19":0,"20":0,"21":0,"22":1},"f":{"0":1,"1":2},"b":{"0":[1,1],"1":[0,1],"2":[0,2],"3":[0,0]}}
,"/home/jose/Documents/school/architectures/pattern-criteria/src/app/products/infra/postgres/get-all-products.postgres.ts": {"path":"/home/jose/Documents/school/architectures/pattern-criteria/src/app/products/infra/postgres/get-all-products.postgres.ts","statementMap":{"0":{"start":{"line":5,"column":0},"end":{"line":5,"column":105}},"1":{"start":{"line":10,"column":25},"end":{"line":10,"column":61}},"2":{"start":{"line":18,"column":35},"end":{"line":18,"column":73}},"3":{"start":{"line":19,"column":8},"end":{"line":19,"column":64}},"4":{"start":{"line":20,"column":8},"end":{"line":28,"column":9}},"5":{"start":{"line":21,"column":27},"end":{"line":23,"column":null}},"6":{"start":{"line":25,"column":12},"end":{"line":25,"column":31}},"7":{"start":{"line":27,"column":12},"end":{"line":27,"column":24}},"8":{"start":{"line":37,"column":51},"end":{"line":47,"column":10}},"9":{"start":{"line":49,"column":30},"end":{"line":70,"column":24}},"10":{"start":{"line":72,"column":8},"end":{"line":75,"column":10}},"11":{"start":{"line":7,"column":0},"end":{"line":7,"column":13}}},"fnMap":{"0":{"name":"(anonymous_0)","decl":{"start":{"line":9,"column":4},"end":{"line":9,"column":null}},"loc":{"start":{"line":10,"column":61},"end":{"line":11,"column":9}}},"1":{"name":"(anonymous_1)","decl":{"start":{"line":17,"column":11},"end":{"line":17,"column":16}},"loc":{"start":{"line":17,"column":39},"end":{"line":29,"column":5}}},"2":{"name":"(anonymous_2)","decl":{"start":{"line":35,"column":12},"end":{"line":35,"column":35}},"loc":{"start":{"line":35,"column":54},"end":{"line":76,"column":5}}}},"branchMap":{},"s":{"0":2,"1":2,"2":2,"3":1,"4":1,"5":1,"6":1,"7":0,"8":2,"9":2,"10":1,"11":2},"f":{"0":2,"1":2,"2":2},"b":{}}
,"/home/jose/Documents/school/architectures/pattern-criteria/src/app/products/infra/postgres/get-products-by-cursor.postgres.ts": {"path":"/home/jose/Documents/school/architectures/pattern-criteria/src/app/products/infra/postgres/get-products-by-cursor.postgres.ts","statementMap":{"0":{"start":{"line":5,"column":0},"end":{"line":5,"column":98}},"1":{"start":{"line":10,"column":25},"end":{"line":10,"column":61}},"2":{"start":{"line":15,"column":35},"end":{"line":15,"column":59}},"3":{"start":{"line":16,"column":8},"end":{"line":24,"column":9}},"4":{"start":{"line":17,"column":27},"end":{"line":19,"column":null}},"5":{"start":{"line":21,"column":12},"end":{"line":21,"column":31}},"6":{"start":{"line":23,"column":12},"end":{"line":23,"column":24}},"7":{"start":{"line":28,"column":51},"end":{"line":38,"column":10}},"8":{"start":{"line":40,"column":27},"end":{"line":69,"column":10}},"9":{"start":{"line":71,"column":25},"end":{"line":77,"column":10}},"10":{"start":{"line":79,"column":28},"end":{"line":83,"column":10}},"11":{"start":{"line":85,"column":36},"end":{"line":89,"column":null}},"12":{"start":{"line":92,"column":35},"end":{"line":92,"column":75}},"13":{"start":{"line":94,"column":8},"end":{"line":94,"column":34}},"14":{"start":{"line":7,"column":0},"end":{"line":7,"column":13}}},"fnMap":{"0":{"name":"(anonymous_0)","decl":{"start":{"line":9,"column":4},"end":{"line":9,"column":null}},"loc":{"start":{"line":10,"column":61},"end":{"line":11,"column":9}}},"1":{"name":"(anonymous_1)","decl":{"start":{"line":13,"column":11},"end":{"line":13,"column":16}},"loc":{"start":{"line":13,"column":45},"end":{"line":25,"column":5}}},"2":{"name":"(anonymous_2)","decl":{"start":{"line":27,"column":12},"end":{"line":27,"column":21}},"loc":{"start":{"line":27,"column":46},"end":{"line":96,"column":5}}}},"branchMap":{},"s":{"0":1,"1":1,"2":2,"3":2,"4":2,"5":2,"6":0,"7":2,"8":2,"9":2,"10":2,"11":2,"12":2,"13":2,"14":1},"f":{"0":1,"1":2,"2":2},"b":{}}
,"/home/jose/Documents/school/architectures/pattern-criteria/src/app/products/infra/postgres/get-total-of-products.postgress.ts": {"path":"/home/jose/Documents/school/architectures/pattern-criteria/src/app/products/infra/postgres/get-total-of-products.postgress.ts","statementMap":{"0":{"start":{"line":6,"column":25},"end":{"line":6,"column":61}},"1":{"start":{"line":10,"column":22},"end":{"line":10,"column":90}},"2":{"start":{"line":11,"column":8},"end":{"line":16,"column":9}},"3":{"start":{"line":12,"column":27},"end":{"line":12,"column":69}},"4":{"start":{"line":13,"column":12},"end":{"line":13,"column":62}},"5":{"start":{"line":15,"column":12},"end":{"line":15,"column":24}},"6":{"start":{"line":4,"column":0},"end":{"line":4,"column":13}}},"fnMap":{"0":{"name":"(anonymous_0)","decl":{"start":{"line":5,"column":4},"end":{"line":5,"column":null}},"loc":{"start":{"line":6,"column":61},"end":{"line":7,"column":9}}},"1":{"name":"(anonymous_1)","decl":{"start":{"line":9,"column":11},"end":{"line":9,"column":16}},"loc":{"start":{"line":9,"column":20},"end":{"line":17,"column":5}}}},"branchMap":{},"s":{"0":1,"1":0,"2":0,"3":0,"4":0,"5":0,"6":1},"f":{"0":1,"1":0},"b":{}}
,"/home/jose/Documents/school/architectures/pattern-criteria/src/app/products/infra/postgres/get-value.postgres.ts": {"path":"/home/jose/Documents/school/architectures/pattern-criteria/src/app/products/infra/postgres/get-value.postgres.ts","statementMap":{"0":{"start":{"line":7,"column":25},"end":{"line":7,"column":61}},"1":{"start":{"line":11,"column":22},"end":{"line":11,"column":94}},"2":{"start":{"line":12,"column":8},"end":{"line":20,"column":9}},"3":{"start":{"line":13,"column":29},"end":{"line":13,"column":71}},"4":{"start":{"line":14,"column":25},"end":{"line":14,"column":38}},"5":{"start":{"line":15,"column":12},"end":{"line":15,"column":68}},"6":{"start":{"line":15,"column":35},"end":{"line":15,"column":68}},"7":{"start":{"line":16,"column":12},"end":{"line":16,"column":45}},"8":{"start":{"line":18,"column":12},"end":{"line":18,"column":63}},"9":{"start":{"line":19,"column":12},"end":{"line":19,"column":52}},"10":{"start":{"line":4,"column":0},"end":{"line":4,"column":13}}},"fnMap":{"0":{"name":"(anonymous_0)","decl":{"start":{"line":6,"column":4},"end":{"line":6,"column":null}},"loc":{"start":{"line":7,"column":61},"end":{"line":8,"column":9}}},"1":{"name":"(anonymous_1)","decl":{"start":{"line":10,"column":11},"end":{"line":10,"column":16}},"loc":{"start":{"line":10,"column":62},"end":{"line":21,"column":5}}}},"branchMap":{"0":{"loc":{"start":{"line":15,"column":12},"end":{"line":15,"column":68}},"type":"if","locations":[{"start":{"line":15,"column":12},"end":{"line":15,"column":68}},{"start":{},"end":{}}]}},"s":{"0":2,"1":2,"2":2,"3":2,"4":2,"5":2,"6":0,"7":2,"8":0,"9":0,"10":2},"f":{"0":2,"1":2},"b":{"0":[0,2]}}
,"/home/jose/Documents/school/architectures/pattern-criteria/src/app/shared/domain/errors/criteria.error.ts": {"path":"/home/jose/Documents/school/architectures/pattern-criteria/src/app/shared/domain/errors/criteria.error.ts","statementMap":{"0":{"start":{"line":1,"column":0},"end":{"line":1,"column":51}},"1":{"start":{"line":6,"column":27},"end":{"line":6,"column":44}},"2":{"start":{"line":7,"column":8},"end":{"line":7,"column":65}},"3":{"start":{"line":7,"column":36},"end":{"line":7,"column":65}},"4":{"start":{"line":8,"column":8},"end":{"line":8,"column":60}},"5":{"start":{"line":8,"column":39},"end":{"line":8,"column":60}},"6":{"start":{"line":10,"column":8},"end":{"line":10,"column":28}},"7":{"start":{"line":11,"column":8},"end":{"line":11,"column":36}},"8":{"start":{"line":3,"column":0},"end":{"line":3,"column":13}}},"fnMap":{"0":{"name":"(anonymous_0)","decl":{"start":{"line":4,"column":4},"end":{"line":4,"column":16}},"loc":{"start":{"line":4,"column":30},"end":{"line":12,"column":5}}}},"branchMap":{"0":{"loc":{"start":{"line":7,"column":8},"end":{"line":7,"column":65}},"type":"if","locations":[{"start":{"line":7,"column":8},"end":{"line":7,"column":65}},{"start":{},"end":{}}]},"1":{"loc":{"start":{"line":8,"column":8},"end":{"line":8,"column":60}},"type":"if","locations":[{"start":{"line":8,"column":8},"end":{"line":8,"column":60}},{"start":{},"end":{}}]}},"s":{"0":7,"1":14,"2":14,"3":7,"4":14,"5":7,"6":14,"7":14,"8":7},"f":{"0":14},"b":{"0":[7,7],"1":[7,7]}}
,"/home/jose/Documents/school/architectures/pattern-criteria/src/app/shared/domain/errors/custom-error.error.ts": {"path":"/home/jose/Documents/school/architectures/pattern-criteria/src/app/shared/domain/errors/custom-error.error.ts","statementMap":{"0":{"start":{"line":1,"column":0},"end":{"line":1,"column":64}},"1":{"start":{"line":5,"column":8},"end":{"line":5,"column":23}},"2":{"start":{"line":9,"column":24},"end":{"line":9,"column":37}},"3":{"start":{"line":10,"column":8},"end":{"line":10,"column":50}},"4":{"start":{"line":3,"column":0},"end":{"line":3,"column":13}}},"fnMap":{"0":{"name":"(anonymous_0)","decl":{"start":{"line":4,"column":4},"end":{"line":4,"column":16}},"loc":{"start":{"line":4,"column":31},"end":{"line":6,"column":5}}},"1":{"name":"(anonymous_1)","decl":{"start":{"line":8,"column":4},"end":{"line":8,"column":10}},"loc":{"start":{"line":8,"column":47},"end":{"line":11,"column":5}}}},"branchMap":{},"s":{"0":7,"1":14,"2":0,"3":0,"4":7},"f":{"0":14,"1":0},"b":{}}
,"/home/jose/Documents/school/architectures/pattern-criteria/src/app/shared/domain/model/custom-response.model.ts": {"path":"/home/jose/Documents/school/architectures/pattern-criteria/src/app/shared/domain/model/custom-response.model.ts","statementMap":{"0":{"start":{"line":4,"column":15},"end":{"line":4,"column":27}},"1":{"start":{"line":5,"column":15},"end":{"line":5,"column":30}},"2":{"start":{"line":6,"column":15},"end":{"line":6,"column":22}},"3":{"start":{"line":14,"column":8},"end":{"line":14,"column":57}},"4":{"start":{"line":18,"column":8},"end":{"line":22,"column":10}},"5":{"start":{"line":30,"column":8},"end":{"line":30,"column":63}},"6":{"start":{"line":34,"column":8},"end":{"line":34,"column":59}},"7":{"start":{"line":42,"column":8},"end":{"line":46,"column":10}},"8":{"start":{"line":2,"column":0},"end":{"line":2,"column":13}}},"fnMap":{"0":{"name":"(anonymous_0)","decl":{"start":{"line":3,"column":4},"end":{"line":3,"column":null}},"loc":{"start":{"line":6,"column":22},"end":{"line":7,"column":9}}},"1":{"name":"(anonymous_1)","decl":{"start":{"line":13,"column":4},"end":{"line":13,"column":10}},"loc":{"start":{"line":13,"column":68},"end":{"line":15,"column":5}}},"2":{"name":"(anonymous_2)","decl":{"start":{"line":17,"column":4},"end":{"line":17,"column":10}},"loc":{"start":{"line":17,"column":38},"end":{"line":23,"column":5}}},"3":{"name":"(anonymous_3)","decl":{"start":{"line":29,"column":4},"end":{"line":29,"column":10}},"loc":{"start":{"line":29,"column":41},"end":{"line":31,"column":5}}},"4":{"name":"(anonymous_4)","decl":{"start":{"line":33,"column":4},"end":{"line":33,"column":10}},"loc":{"start":{"line":33,"column":58},"end":{"line":35,"column":5}}},"5":{"name":"(anonymous_5)","decl":{"start":{"line":41,"column":4},"end":{"line":41,"column":10}},"loc":{"start":{"line":41,"column":30},"end":{"line":47,"column":5}}}},"branchMap":{"0":{"loc":{"start":{"line":13,"column":26},"end":{"line":13,"column":68}},"type":"default-arg","locations":[{"start":{"line":13,"column":44},"end":{"line":13,"column":68}}]},"1":{"loc":{"start":{"line":33,"column":20},"end":{"line":33,"column":58}},"type":"default-arg","locations":[{"start":{"line":33,"column":38},"end":{"line":33,"column":58}}]}},"s":{"0":3,"1":3,"2":3,"3":2,"4":0,"5":1,"6":0,"7":0,"8":7},"f":{"0":3,"1":2,"2":0,"3":1,"4":0,"5":0},"b":{"0":[0],"1":[0]}}
,"/home/jose/Documents/school/architectures/pattern-criteria/src/app/shared/domain/repository/criteria/criteria.criteria.ts": {"path":"/home/jose/Documents/school/architectures/pattern-criteria/src/app/shared/domain/repository/criteria/criteria.criteria.ts","statementMap":{"0":{"start":{"line":11,"column":8},"end":{"line":11,"column":31}},"1":{"start":{"line":12,"column":8},"end":{"line":12,"column":29}},"2":{"start":{"line":13,"column":8},"end":{"line":13,"column":37}},"3":{"start":{"line":5,"column":0},"end":{"line":5,"column":13}}},"fnMap":{"0":{"name":"(anonymous_0)","decl":{"start":{"line":10,"column":4},"end":{"line":10,"column":16}},"loc":{"start":{"line":10,"column":72},"end":{"line":14,"column":5}}}},"branchMap":{},"s":{"0":14,"1":14,"2":14,"3":4},"f":{"0":14},"b":{}}
,"/home/jose/Documents/school/architectures/pattern-criteria/src/app/shared/domain/repository/criteria/filter.criteria.ts": {"path":"/home/jose/Documents/school/architectures/pattern-criteria/src/app/shared/domain/repository/criteria/filter.criteria.ts","statementMap":{"0":{"start":{"line":1,"column":0},"end":{"line":1,"column":74}},"1":{"start":{"line":12,"column":0},"end":{"line":12,"column":null}},"2":{"start":{"line":13,"column":4},"end":{"line":13,"column":null}},"3":{"start":{"line":14,"column":4},"end":{"line":14,"column":null}},"4":{"start":{"line":15,"column":4},"end":{"line":15,"column":null}},"5":{"start":{"line":16,"column":4},"end":{"line":16,"column":null}},"6":{"start":{"line":17,"column":4},"end":{"line":17,"column":null}},"7":{"start":{"line":18,"column":4},"end":{"line":18,"column":null}},"8":{"start":{"line":19,"column":4},"end":{"line":19,"column":null}},"9":{"start":{"line":20,"column":4},"end":{"line":20,"column":null}},"10":{"start":{"line":21,"column":4},"end":{"line":21,"column":null}},"11":{"start":{"line":22,"column":4},"end":{"line":22,"column":null}},"12":{"start":{"line":31,"column":8},"end":{"line":31,"column":27}},"13":{"start":{"line":32,"column":8},"end":{"line":32,"column":33}},"14":{"start":{"line":33,"column":8},"end":{"line":33,"column":28}},"15":{"start":{"line":38,"column":22},"end":{"line":38,"column":46}},"16":{"start":{"line":39,"column":8},"end":{"line":41,"column":9}},"17":{"start":{"line":40,"column":12},"end":{"line":40,"column":59}},"18":{"start":{"line":44,"column":25},"end":{"line":44,"column":56}},"19":{"start":{"line":45,"column":8},"end":{"line":47,"column":9}},"20":{"start":{"line":46,"column":12},"end":{"line":46,"column":61}},"21":{"start":{"line":50,"column":23},"end":{"line":54,"column":40}},"22":{"start":{"line":53,"column":24},"end":{"line":53,"column":32}},"23":{"start":{"line":54,"column":27},"end":{"line":54,"column":39}},"24":{"start":{"line":56,"column":8},"end":{"line":60,"column":9}},"25":{"start":{"line":57,"column":12},"end":{"line":59,"column":14}},"26":{"start":{"line":62,"column":8},"end":{"line":62,"column":51}},"27":{"start":{"line":25,"column":0},"end":{"line":25,"column":13}}},"fnMap":{"0":{"name":"(anonymous_0)","decl":{"start":{"line":12,"column":0},"end":{"line":12,"column":12}},"loc":{"start":{"line":12,"column":20},"end":{"line":23,"column":1}}},"1":{"name":"(anonymous_1)","decl":{"start":{"line":30,"column":4},"end":{"line":30,"column":16}},"loc":{"start":{"line":30,"column":66},"end":{"line":34,"column":5}}},"2":{"name":"(anonymous_2)","decl":{"start":{"line":36,"column":11},"end":{"line":36,"column":17}},"loc":{"start":{"line":36,"column":62},"end":{"line":63,"column":5}}},"3":{"name":"(anonymous_3)","decl":{"start":{"line":53,"column":17},"end":{"line":53,"column":18}},"loc":{"start":{"line":53,"column":24},"end":{"line":53,"column":32}}},"4":{"name":"(anonymous_4)","decl":{"start":{"line":54,"column":20},"end":{"line":54,"column":21}},"loc":{"start":{"line":54,"column":27},"end":{"line":54,"column":39}}}},"branchMap":{"0":{"loc":{"start":{"line":12,"column":12},"end":{"line":12,"column":null}},"type":"binary-expr","locations":[{"start":{"line":12,"column":12},"end":{"line":12,"column":20}},{"start":{"line":12,"column":20},"end":{"line":12,"column":null}}]},"1":{"loc":{"start":{"line":39,"column":8},"end":{"line":41,"column":9}},"type":"if","locations":[{"start":{"line":39,"column":8},"end":{"line":41,"column":9}},{"start":{},"end":{}}]},"2":{"loc":{"start":{"line":45,"column":8},"end":{"line":47,"column":9}},"type":"if","locations":[{"start":{"line":45,"column":8},"end":{"line":47,"column":9}},{"start":{},"end":{}}]},"3":{"loc":{"start":{"line":56,"column":8},"end":{"line":60,"column":9}},"type":"if","locations":[{"start":{"line":56,"column":8},"end":{"line":60,"column":9}},{"start":{},"end":{}}]}},"s":{"0":4,"1":4,"2":4,"3":4,"4":4,"5":4,"6":4,"7":4,"8":4,"9":4,"10":4,"11":4,"12":14,"13":14,"14":14,"15":8,"16":8,"17":0,"18":8,"19":8,"20":3,"21":5,"22":7,"23":7,"24":5,"25":0,"26":5,"27":4},"f":{"0":4,"1":14,"2":8,"3":7,"4":7},"b":{"0":[4,4],"1":[0,8],"2":[3,5],"3":[0,5]}}
,"/home/jose/Documents/school/architectures/pattern-criteria/src/app/shared/domain/repository/criteria/order.criteria.ts": {"path":"/home/jose/Documents/school/architectures/pattern-criteria/src/app/shared/domain/repository/criteria/order.criteria.ts","statementMap":{"0":{"start":{"line":1,"column":0},"end":{"line":1,"column":74}},"1":{"start":{"line":3,"column":0},"end":{"line":3,"column":null}},"2":{"start":{"line":4,"column":4},"end":{"line":4,"column":null}},"3":{"start":{"line":5,"column":4},"end":{"line":5,"column":null}},"4":{"start":{"line":6,"column":4},"end":{"line":6,"column":null}},"5":{"start":{"line":19,"column":8},"end":{"line":19,"column":31}},"6":{"start":{"line":20,"column":8},"end":{"line":20,"column":27}},"7":{"start":{"line":24,"column":8},"end":{"line":26,"column":9}},"8":{"start":{"line":25,"column":12},"end":{"line":25,"column":58}},"9":{"start":{"line":28,"column":8},"end":{"line":28,"column":76}},"10":{"start":{"line":14,"column":0},"end":{"line":14,"column":13}}},"fnMap":{"0":{"name":"(anonymous_0)","decl":{"start":{"line":3,"column":0},"end":{"line":3,"column":12}},"loc":{"start":{"line":3,"column":21},"end":{"line":7,"column":1}}},"1":{"name":"(anonymous_1)","decl":{"start":{"line":18,"column":4},"end":{"line":18,"column":16}},"loc":{"start":{"line":18,"column":49},"end":{"line":21,"column":5}}},"2":{"name":"(anonymous_2)","decl":{"start":{"line":23,"column":4},"end":{"line":23,"column":10}},"loc":{"start":{"line":23,"column":53},"end":{"line":29,"column":5}}}},"branchMap":{"0":{"loc":{"start":{"line":3,"column":12},"end":{"line":3,"column":null}},"type":"binary-expr","locations":[{"start":{"line":3,"column":12},"end":{"line":3,"column":21}},{"start":{"line":3,"column":21},"end":{"line":3,"column":null}}]},"1":{"loc":{"start":{"line":24,"column":8},"end":{"line":26,"column":9}},"type":"if","locations":[{"start":{"line":24,"column":8},"end":{"line":26,"column":9}},{"start":{},"end":{}}]}},"s":{"0":4,"1":4,"2":4,"3":4,"4":4,"5":18,"6":18,"7":8,"8":1,"9":7,"10":4},"f":{"0":4,"1":18,"2":8},"b":{"0":[4,4],"1":[1,7]}}
,"/home/jose/Documents/school/architectures/pattern-criteria/src/app/shared/domain/repository/criteria/pagination.criteria.ts": {"path":"/home/jose/Documents/school/architectures/pattern-criteria/src/app/shared/domain/repository/criteria/pagination.criteria.ts","statementMap":{"0":{"start":{"line":1,"column":0},"end":{"line":1,"column":60}},"1":{"start":{"line":8,"column":8},"end":{"line":8,"column":25}},"2":{"start":{"line":9,"column":8},"end":{"line":9,"column":33}},"3":{"start":{"line":13,"column":8},"end":{"line":29,"column":9}},"4":{"start":{"line":14,"column":31},"end":{"line":14,"column":49}},"5":{"start":{"line":15,"column":35},"end":{"line":15,"column":57}},"6":{"start":{"line":17,"column":36},"end":{"line":17,"column":53}},"7":{"start":{"line":18,"column":40},"end":{"line":18,"column":61}},"8":{"start":{"line":20,"column":12},"end":{"line":20,"column":76}},"9":{"start":{"line":20,"column":33},"end":{"line":20,"column":76}},"10":{"start":{"line":21,"column":12},"end":{"line":21,"column":81}},"11":{"start":{"line":21,"column":32},"end":{"line":21,"column":81}},"12":{"start":{"line":23,"column":12},"end":{"line":23,"column":84}},"13":{"start":{"line":23,"column":37},"end":{"line":23,"column":84}},"14":{"start":{"line":24,"column":12},"end":{"line":24,"column":89}},"15":{"start":{"line":24,"column":36},"end":{"line":24,"column":89}},"16":{"start":{"line":26,"column":12},"end":{"line":26,"column":62}},"17":{"start":{"line":28,"column":12},"end":{"line":28,"column":43}},"18":{"start":{"line":3,"column":0},"end":{"line":3,"column":13}}},"fnMap":{"0":{"name":"(anonymous_0)","decl":{"start":{"line":7,"column":4},"end":{"line":7,"column":16}},"loc":{"start":{"line":7,"column":55},"end":{"line":10,"column":5}}},"1":{"name":"(anonymous_1)","decl":{"start":{"line":12,"column":11},"end":{"line":12,"column":17}},"loc":{"start":{"line":12,"column":63},"end":{"line":30,"column":5}}}},"branchMap":{"0":{"loc":{"start":{"line":7,"column":16},"end":{"line":7,"column":32}},"type":"default-arg","locations":[{"start":{"line":7,"column":31},"end":{"line":7,"column":32}}]},"1":{"loc":{"start":{"line":7,"column":34},"end":{"line":7,"column":55}},"type":"default-arg","locations":[{"start":{"line":7,"column":53},"end":{"line":7,"column":55}}]},"2":{"loc":{"start":{"line":20,"column":12},"end":{"line":20,"column":76}},"type":"if","locations":[{"start":{"line":20,"column":12},"end":{"line":20,"column":76}},{"start":{},"end":{}}]},"3":{"loc":{"start":{"line":21,"column":12},"end":{"line":21,"column":81}},"type":"if","locations":[{"start":{"line":21,"column":12},"end":{"line":21,"column":81}},{"start":{},"end":{}}]},"4":{"loc":{"start":{"line":23,"column":12},"end":{"line":23,"column":84}},"type":"if","locations":[{"start":{"line":23,"column":12},"end":{"line":23,"column":84}},{"start":{},"end":{}}]},"5":{"loc":{"start":{"line":24,"column":12},"end":{"line":24,"column":89}},"type":"if","locations":[{"start":{"line":24,"column":12},"end":{"line":24,"column":89}},{"start":{},"end":{}}]}},"s":{"0":4,"1":14,"2":14,"3":7,"4":7,"5":7,"6":7,"7":7,"8":7,"9":1,"10":6,"11":1,"12":5,"13":1,"14":4,"15":1,"16":3,"17":4,"18":4},"f":{"0":14,"1":7},"b":{"0":[0],"1":[0],"2":[1,6],"3":[1,5],"4":[1,4],"5":[1,3]}}
,"/home/jose/Documents/school/architectures/pattern-criteria/src/app/shared/domain/repository/criteria-cursor/criteria-cursor.criteria-cursor.ts": {"path":"/home/jose/Documents/school/architectures/pattern-criteria/src/app/shared/domain/repository/criteria-cursor/criteria-cursor.criteria-cursor.ts","statementMap":{"0":{"start":{"line":15,"column":8},"end":{"line":15,"column":31}},"1":{"start":{"line":16,"column":8},"end":{"line":16,"column":37}},"2":{"start":{"line":17,"column":8},"end":{"line":17,"column":27}},"3":{"start":{"line":5,"column":0},"end":{"line":5,"column":13}}},"fnMap":{"0":{"name":"(anonymous_0)","decl":{"start":{"line":10,"column":4},"end":{"line":10,"column":null}},"loc":{"start":{"line":13,"column":26},"end":{"line":18,"column":5}}}},"branchMap":{},"s":{"0":11,"1":11,"2":11,"3":3},"f":{"0":11},"b":{}}
,"/home/jose/Documents/school/architectures/pattern-criteria/src/app/shared/domain/repository/criteria-cursor/filter-cursor.criteria-cursor.ts": {"path":"/home/jose/Documents/school/architectures/pattern-criteria/src/app/shared/domain/repository/criteria-cursor/filter-cursor.criteria-cursor.ts","statementMap":{"0":{"start":{"line":1,"column":0},"end":{"line":1,"column":74}},"1":{"start":{"line":9,"column":0},"end":{"line":9,"column":null}},"2":{"start":{"line":10,"column":4},"end":{"line":10,"column":null}},"3":{"start":{"line":11,"column":4},"end":{"line":11,"column":null}},"4":{"start":{"line":12,"column":4},"end":{"line":12,"column":null}},"5":{"start":{"line":13,"column":4},"end":{"line":13,"column":null}},"6":{"start":{"line":14,"column":4},"end":{"line":14,"column":null}},"7":{"start":{"line":15,"column":4},"end":{"line":15,"column":null}},"8":{"start":{"line":16,"column":4},"end":{"line":16,"column":null}},"9":{"start":{"line":17,"column":4},"end":{"line":17,"column":null}},"10":{"start":{"line":18,"column":4},"end":{"line":18,"column":null}},"11":{"start":{"line":19,"column":4},"end":{"line":19,"column":null}},"12":{"start":{"line":28,"column":8},"end":{"line":28,"column":27}},"13":{"start":{"line":29,"column":8},"end":{"line":29,"column":33}},"14":{"start":{"line":30,"column":8},"end":{"line":30,"column":27}},"15":{"start":{"line":34,"column":8},"end":{"line":43,"column":9}},"16":{"start":{"line":35,"column":32},"end":{"line":35,"column":76}},"17":{"start":{"line":36,"column":23},"end":{"line":36,"column":44}},"18":{"start":{"line":37,"column":12},"end":{"line":38,"column":84}},"19":{"start":{"line":38,"column":16},"end":{"line":38,"column":84}},"20":{"start":{"line":40,"column":12},"end":{"line":40,"column":76}},"21":{"start":{"line":42,"column":12},"end":{"line":42,"column":65}},"22":{"start":{"line":22,"column":0},"end":{"line":22,"column":13}}},"fnMap":{"0":{"name":"(anonymous_0)","decl":{"start":{"line":9,"column":0},"end":{"line":9,"column":12}},"loc":{"start":{"line":9,"column":20},"end":{"line":20,"column":1}}},"1":{"name":"(anonymous_1)","decl":{"start":{"line":27,"column":4},"end":{"line":27,"column":16}},"loc":{"start":{"line":27,"column":64},"end":{"line":31,"column":5}}},"2":{"name":"(anonymous_2)","decl":{"start":{"line":33,"column":11},"end":{"line":33,"column":17}},"loc":{"start":{"line":33,"column":62},"end":{"line":44,"column":5}}}},"branchMap":{"0":{"loc":{"start":{"line":9,"column":12},"end":{"line":9,"column":null}},"type":"binary-expr","locations":[{"start":{"line":9,"column":12},"end":{"line":9,"column":20}},{"start":{"line":9,"column":20},"end":{"line":9,"column":null}}]},"1":{"loc":{"start":{"line":37,"column":12},"end":{"line":38,"column":84}},"type":"if","locations":[{"start":{"line":37,"column":12},"end":{"line":38,"column":84}},{"start":{},"end":{}}]}},"s":{"0":3,"1":3,"2":3,"3":3,"4":3,"5":3,"6":3,"7":3,"8":3,"9":3,"10":3,"11":3,"12":6,"13":6,"14":6,"15":4,"16":4,"17":4,"18":4,"19":0,"20":4,"21":0,"22":3},"f":{"0":3,"1":6,"2":4},"b":{"0":[3,3],"1":[0,4]}}
,"/home/jose/Documents/school/architectures/pattern-criteria/src/app/shared/domain/repository/criteria-cursor/order-cursor.criteria-cursor.ts": {"path":"/home/jose/Documents/school/architectures/pattern-criteria/src/app/shared/domain/repository/criteria-cursor/order-cursor.criteria-cursor.ts","statementMap":{"0":{"start":{"line":1,"column":0},"end":{"line":1,"column":60}},"1":{"start":{"line":3,"column":0},"end":{"line":3,"column":null}},"2":{"start":{"line":4,"column":4},"end":{"line":4,"column":null}},"3":{"start":{"line":5,"column":4},"end":{"line":5,"column":null}},"4":{"start":{"line":10,"column":15},"end":{"line":10,"column":28}},"5":{"start":{"line":11,"column":15},"end":{"line":11,"column":29}},"6":{"start":{"line":12,"column":15},"end":{"line":12,"column":41}},"7":{"start":{"line":20,"column":8},"end":{"line":37,"column":9}},"8":{"start":{"line":22,"column":12},"end":{"line":24,"column":13}},"9":{"start":{"line":23,"column":16},"end":{"line":23,"column":64}},"10":{"start":{"line":26,"column":12},"end":{"line":28,"column":13}},"11":{"start":{"line":27,"column":16},"end":{"line":27,"column":67}},"12":{"start":{"line":30,"column":12},"end":{"line":32,"column":13}},"13":{"start":{"line":31,"column":16},"end":{"line":31,"column":66}},"14":{"start":{"line":34,"column":12},"end":{"line":34,"column":80}},"15":{"start":{"line":36,"column":12},"end":{"line":36,"column":43}},"16":{"start":{"line":8,"column":0},"end":{"line":8,"column":13}}},"fnMap":{"0":{"name":"(anonymous_0)","decl":{"start":{"line":3,"column":0},"end":{"line":3,"column":12}},"loc":{"start":{"line":3,"column":27},"end":{"line":6,"column":1}}},"1":{"name":"(anonymous_1)","decl":{"start":{"line":9,"column":4},"end":{"line":9,"column":null}},"loc":{"start":{"line":12,"column":41},"end":{"line":13,"column":9}}},"2":{"name":"(anonymous_2)","decl":{"start":{"line":15,"column":11},"end":{"line":15,"column":17}},"loc":{"start":{"line":18,"column":25},"end":{"line":38,"column":5}}}},"branchMap":{"0":{"loc":{"start":{"line":3,"column":12},"end":{"line":3,"column":null}},"type":"binary-expr","locations":[{"start":{"line":3,"column":12},"end":{"line":3,"column":27}},{"start":{"line":3,"column":27},"end":{"line":3,"column":null}}]},"1":{"loc":{"start":{"line":22,"column":12},"end":{"line":24,"column":13}},"type":"if","locations":[{"start":{"line":22,"column":12},"end":{"line":24,"column":13}},{"start":{},"end":{}}]},"2":{"loc":{"start":{"line":26,"column":12},"end":{"line":28,"column":13}},"type":"if","locations":[{"start":{"line":26,"column":12},"end":{"line":28,"column":13}},{"start":{},"end":{}}]},"3":{"loc":{"start":{"line":30,"column":12},"end":{"line":32,"column":13}},"type":"if","locations":[{"start":{"line":30,"column":12},"end":{"line":32,"column":13}},{"start":{},"end":{}}]}},"s":{"0":3,"1":3,"2":3,"3":3,"4":11,"5":11,"6":11,"7":9,"8":9,"9":1,"10":8,"11":1,"12":7,"13":1,"14":6,"15":3,"16":3},"f":{"0":3,"1":11,"2":9},"b":{"0":[3,3],"1":[1,8],"2":[1,7],"3":[1,6]}}
,"/home/jose/Documents/school/architectures/pattern-criteria/src/app/shared/domain/repository/criteria-cursor/pagination-cursor.criteria-cursor.ts": {"path":"/home/jose/Documents/school/architectures/pattern-criteria/src/app/shared/domain/repository/criteria-cursor/pagination-cursor.criteria-cursor.ts","statementMap":{"0":{"start":{"line":1,"column":0},"end":{"line":1,"column":60}},"1":{"start":{"line":9,"column":8},"end":{"line":9,"column":33}},"2":{"start":{"line":15,"column":8},"end":{"line":26,"column":9}},"3":{"start":{"line":17,"column":35},"end":{"line":17,"column":57}},"4":{"start":{"line":18,"column":40},"end":{"line":18,"column":61}},"5":{"start":{"line":19,"column":12},"end":{"line":19,"column":83}},"6":{"start":{"line":19,"column":37},"end":{"line":19,"column":83}},"7":{"start":{"line":20,"column":12},"end":{"line":20,"column":88}},"8":{"start":{"line":20,"column":36},"end":{"line":20,"column":88}},"9":{"start":{"line":22,"column":12},"end":{"line":22,"column":56}},"10":{"start":{"line":25,"column":12},"end":{"line":25,"column":43}},"11":{"start":{"line":4,"column":0},"end":{"line":4,"column":13}}},"fnMap":{"0":{"name":"(anonymous_0)","decl":{"start":{"line":8,"column":4},"end":{"line":8,"column":16}},"loc":{"start":{"line":8,"column":37},"end":{"line":10,"column":5}}},"1":{"name":"(anonymous_1)","decl":{"start":{"line":12,"column":11},"end":{"line":12,"column":17}},"loc":{"start":{"line":13,"column":24},"end":{"line":27,"column":5}}}},"branchMap":{"0":{"loc":{"start":{"line":8,"column":16},"end":{"line":8,"column":37}},"type":"default-arg","locations":[{"start":{"line":8,"column":35},"end":{"line":8,"column":37}}]},"1":{"loc":{"start":{"line":19,"column":12},"end":{"line":19,"column":83}},"type":"if","locations":[{"start":{"line":19,"column":12},"end":{"line":19,"column":83}},{"start":{},"end":{}}]},"2":{"loc":{"start":{"line":20,"column":12},"end":{"line":20,"column":88}},"type":"if","locations":[{"start":{"line":20,"column":12},"end":{"line":20,"column":88}},{"start":{},"end":{}}]}},"s":{"0":3,"1":14,"2":3,"3":3,"4":3,"5":3,"6":0,"7":3,"8":0,"9":3,"10":0,"11":3},"f":{"0":14,"1":3},"b":{"0":[10],"1":[0,3],"2":[0,3]}}
,"/home/jose/Documents/school/architectures/pattern-criteria/src/app/shared/infrastructure/criteria/criteria-cursor-to-sql.ts": {"path":"/home/jose/Documents/school/architectures/pattern-criteria/src/app/shared/infrastructure/criteria/criteria-cursor-to-sql.ts","statementMap":{"0":{"start":{"line":2,"column":0},"end":{"line":2,"column":104}},"1":{"start":{"line":3,"column":0},"end":{"line":3,"column":103}},"2":{"start":{"line":5,"column":13},"end":{"line":16,"column":2}},"3":{"start":{"line":35,"column":8},"end":{"line":35,"column":34}},"4":{"start":{"line":36,"column":8},"end":{"line":36,"column":39}},"5":{"start":{"line":37,"column":8},"end":{"line":37,"column":35}},"6":{"start":{"line":38,"column":8},"end":{"line":38,"column":42}},"7":{"start":{"line":42,"column":26},"end":{"line":42,"column":59}},"8":{"start":{"line":43,"column":34},"end":{"line":43,"column":69}},"9":{"start":{"line":44,"column":34},"end":{"line":44,"column":79}},"10":{"start":{"line":46,"column":37},"end":{"line":51,"column":10}},"11":{"start":{"line":53,"column":8},"end":{"line":53,"column":50}},"12":{"start":{"line":55,"column":8},"end":{"line":55,"column":78}},"13":{"start":{"line":55,"column":31},"end":{"line":55,"column":78}},"14":{"start":{"line":57,"column":8},"end":{"line":57,"column":47}},"15":{"start":{"line":58,"column":8},"end":{"line":58,"column":44}},"16":{"start":{"line":60,"column":22},"end":{"line":60,"column":42}},"17":{"start":{"line":62,"column":8},"end":{"line":65,"column":10}},"18":{"start":{"line":71,"column":35},"end":{"line":71,"column":49}},"19":{"start":{"line":72,"column":34},"end":{"line":72,"column":36}},"20":{"start":{"line":73,"column":29},"end":{"line":73,"column":30}},"21":{"start":{"line":78,"column":29},"end":{"line":96,"column":53}},"22":{"start":{"line":80,"column":31},"end":{"line":80,"column":62}},"23":{"start":{"line":81,"column":16},"end":{"line":81,"column":46}},"24":{"start":{"line":81,"column":29},"end":{"line":81,"column":46}},"25":{"start":{"line":83,"column":36},"end":{"line":83,"column":64}},"26":{"start":{"line":85,"column":16},"end":{"line":94,"column":17}},"27":{"start":{"line":86,"column":20},"end":{"line":86,"column":57}},"28":{"start":{"line":87,"column":20},"end":{"line":87,"column":79}},"29":{"start":{"line":88,"column":23},"end":{"line":94,"column":17}},"30":{"start":{"line":89,"column":20},"end":{"line":89,"column":57}},"31":{"start":{"line":90,"column":20},"end":{"line":90,"column":83}},"32":{"start":{"line":92,"column":20},"end":{"line":92,"column":50}},"33":{"start":{"line":93,"column":20},"end":{"line":93,"column":75}},"34":{"start":{"line":96,"column":32},"end":{"line":96,"column":52}},"35":{"start":{"line":101,"column":8},"end":{"line":101,"column":37}},"36":{"start":{"line":103,"column":12},"end":{"line":105,"column":77}},"37":{"start":{"line":110,"column":27},"end":{"line":110,"column":72}},"38":{"start":{"line":112,"column":8},"end":{"line":115,"column":10}},"39":{"start":{"line":119,"column":26},"end":{"line":119,"column":40}},"40":{"start":{"line":120,"column":29},"end":{"line":121,"column":14}},"41":{"start":{"line":122,"column":8},"end":{"line":122,"column":28}},"42":{"start":{"line":23,"column":0},"end":{"line":23,"column":13}}},"fnMap":{"0":{"name":"(anonymous_0)","decl":{"start":{"line":29,"column":4},"end":{"line":29,"column":null}},"loc":{"start":{"line":33,"column":30},"end":{"line":39,"column":5}}},"1":{"name":"(anonymous_1)","decl":{"start":{"line":41,"column":11},"end":{"line":41,"column":16}},"loc":{"start":{"line":41,"column":51},"end":{"line":66,"column":5}}},"2":{"name":"(anonymous_2)","decl":{"start":{"line":68,"column":12},"end":{"line":68,"column":25}},"loc":{"start":{"line":69,"column":42},"end":{"line":116,"column":5}}},"3":{"name":"(anonymous_3)","decl":{"start":{"line":79,"column":17},"end":{"line":79,"column":18}},"loc":{"start":{"line":79,"column":28},"end":{"line":95,"column":13}}},"4":{"name":"(anonymous_4)","decl":{"start":{"line":96,"column":20},"end":{"line":96,"column":21}},"loc":{"start":{"line":96,"column":32},"end":{"line":96,"column":52}}},"5":{"name":"(anonymous_5)","decl":{"start":{"line":118,"column":12},"end":{"line":118,"column":27}},"loc":{"start":{"line":118,"column":62},"end":{"line":123,"column":5}}}},"branchMap":{"0":{"loc":{"start":{"line":55,"column":8},"end":{"line":55,"column":78}},"type":"if","locations":[{"start":{"line":55,"column":8},"end":{"line":55,"column":78}},{"start":{},"end":{}}]},"1":{"loc":{"start":{"line":81,"column":16},"end":{"line":81,"column":46}},"type":"if","locations":[{"start":{"line":81,"column":16},"end":{"line":81,"column":46}},{"start":{},"end":{}}]},"2":{"loc":{"start":{"line":85,"column":16},"end":{"line":94,"column":17}},"type":"if","locations":[{"start":{"line":85,"column":16},"end":{"line":94,"column":17}},{"start":{"line":88,"column":23},"end":{"line":94,"column":17}}]},"3":{"loc":{"start":{"line":88,"column":23},"end":{"line":94,"column":17}},"type":"if","locations":[{"start":{"line":88,"column":23},"end":{"line":94,"column":17}},{"start":{"line":91,"column":23},"end":{"line":94,"column":17}}]},"4":{"loc":{"start":{"line":103,"column":12},"end":{"line":105,"column":77}},"type":"cond-expr","locations":[{"start":{"line":104,"column":18},"end":{"line":104,"column":77}},{"start":{"line":105,"column":18},"end":{"line":105,"column":77}}]}},"s":{"0":2,"1":2,"2":2,"3":7,"4":7,"5":7,"6":7,"7":7,"8":7,"9":7,"10":7,"11":7,"12":7,"13":3,"14":7,"15":7,"16":7,"17":7,"18":7,"19":7,"20":7,"21":7,"22":2,"23":2,"24":0,"25":2,"26":2,"27":0,"28":0,"29":2,"30":0,"31":0,"32":2,"33":2,"34":2,"35":7,"36":7,"37":7,"38":7,"39":7,"40":7,"41":7,"42":2},"f":{"0":7,"1":7,"2":7,"3":2,"4":2,"5":7},"b":{"0":[3,4],"1":[0,2],"2":[0,2],"3":[0,2],"4":[5,2]}}
,"/home/jose/Documents/school/architectures/pattern-criteria/src/app/shared/infrastructure/criteria/criteria-to-sql.ts": {"path":"/home/jose/Documents/school/architectures/pattern-criteria/src/app/shared/infrastructure/criteria/criteria-to-sql.ts","statementMap":{"0":{"start":{"line":2,"column":0},"end":{"line":2,"column":83}},"1":{"start":{"line":3,"column":0},"end":{"line":3,"column":76}},"2":{"start":{"line":11,"column":12},"end":{"line":11,"column":38}},"3":{"start":{"line":13,"column":12},"end":{"line":13,"column":34}},"4":{"start":{"line":14,"column":12},"end":{"line":14,"column":37}},"5":{"start":{"line":16,"column":12},"end":{"line":16,"column":35}},"6":{"start":{"line":17,"column":12},"end":{"line":17,"column":38}},"7":{"start":{"line":19,"column":12},"end":{"line":19,"column":39}},"8":{"start":{"line":20,"column":12},"end":{"line":20,"column":37}},"9":{"start":{"line":21,"column":12},"end":{"line":21,"column":35}},"10":{"start":{"line":26,"column":8},"end":{"line":26,"column":39}},"11":{"start":{"line":27,"column":8},"end":{"line":27,"column":20}},"12":{"start":{"line":31,"column":8},"end":{"line":31,"column":30}},"13":{"start":{"line":32,"column":8},"end":{"line":32,"column":20}},"14":{"start":{"line":41,"column":8},"end":{"line":41,"column":74}},"15":{"start":{"line":42,"column":8},"end":{"line":42,"column":20}},"16":{"start":{"line":49,"column":36},"end":{"line":49,"column":44}},"17":{"start":{"line":50,"column":29},"end":{"line":50,"column":30}},"18":{"start":{"line":52,"column":39},"end":{"line":84,"column":10}},"19":{"start":{"line":54,"column":32},"end":{"line":54,"column":63}},"20":{"start":{"line":56,"column":12},"end":{"line":64,"column":13}},"21":{"start":{"line":57,"column":47},"end":{"line":60,"column":18}},"22":{"start":{"line":58,"column":20},"end":{"line":58,"column":55}},"23":{"start":{"line":59,"column":20},"end":{"line":59,"column":84}},"24":{"start":{"line":61,"column":16},"end":{"line":63,"column":38}},"25":{"start":{"line":66,"column":12},"end":{"line":74,"column":13}},"26":{"start":{"line":67,"column":47},"end":{"line":70,"column":18}},"27":{"start":{"line":68,"column":20},"end":{"line":68,"column":55}},"28":{"start":{"line":69,"column":20},"end":{"line":69,"column":88}},"29":{"start":{"line":71,"column":16},"end":{"line":73,"column":38}},"30":{"start":{"line":76,"column":43},"end":{"line":79,"column":14}},"31":{"start":{"line":77,"column":16},"end":{"line":77,"column":44}},"32":{"start":{"line":78,"column":16},"end":{"line":78,"column":102}},"33":{"start":{"line":81,"column":12},"end":{"line":83,"column":34}},"34":{"start":{"line":86,"column":8},"end":{"line":86,"column":52}},"35":{"start":{"line":88,"column":8},"end":{"line":88,"column":20}},"36":{"start":{"line":92,"column":8},"end":{"line":115,"column":9}},"37":{"start":{"line":94,"column":16},"end":{"line":94,"column":27}},"38":{"start":{"line":96,"column":16},"end":{"line":96,"column":28}},"39":{"start":{"line":98,"column":16},"end":{"line":98,"column":27}},"40":{"start":{"line":100,"column":16},"end":{"line":100,"column":28}},"41":{"start":{"line":102,"column":16},"end":{"line":102,"column":27}},"42":{"start":{"line":104,"column":16},"end":{"line":104,"column":28}},"43":{"start":{"line":106,"column":16},"end":{"line":106,"column":28}},"44":{"start":{"line":108,"column":16},"end":{"line":108,"column":32}},"45":{"start":{"line":110,"column":16},"end":{"line":110,"column":30}},"46":{"start":{"line":112,"column":16},"end":{"line":112,"column":34}},"47":{"start":{"line":114,"column":16},"end":{"line":114,"column":69}},"48":{"start":{"line":119,"column":8},"end":{"line":119,"column":40}},"49":{"start":{"line":120,"column":8},"end":{"line":120,"column":20}},"50":{"start":{"line":124,"column":27},"end":{"line":124,"column":35}},"51":{"start":{"line":125,"column":8},"end":{"line":128,"column":9}},"52":{"start":{"line":126,"column":12},"end":{"line":126,"column":34}},"53":{"start":{"line":127,"column":12},"end":{"line":127,"column":24}},"54":{"start":{"line":129,"column":8},"end":{"line":129,"column":63}},"55":{"start":{"line":130,"column":8},"end":{"line":130,"column":20}},"56":{"start":{"line":134,"column":31},"end":{"line":134,"column":39}},"57":{"start":{"line":135,"column":23},"end":{"line":135,"column":66}},"58":{"start":{"line":136,"column":8},"end":{"line":136,"column":67}},"59":{"start":{"line":137,"column":8},"end":{"line":137,"column":20}},"60":{"start":{"line":141,"column":32},"end":{"line":141,"column":34}},"61":{"start":{"line":142,"column":8},"end":{"line":144,"column":9}},"62":{"start":{"line":143,"column":12},"end":{"line":143,"column":63}},"63":{"start":{"line":145,"column":8},"end":{"line":145,"column":63}},"64":{"start":{"line":145,"column":27},"end":{"line":145,"column":63}},"65":{"start":{"line":146,"column":8},"end":{"line":148,"column":9}},"66":{"start":{"line":147,"column":12},"end":{"line":147,"column":49}},"67":{"start":{"line":149,"column":8},"end":{"line":149,"column":66}},"68":{"start":{"line":149,"column":28},"end":{"line":149,"column":66}},"69":{"start":{"line":150,"column":8},"end":{"line":153,"column":9}},"70":{"start":{"line":151,"column":28},"end":{"line":151,"column":55}},"71":{"start":{"line":152,"column":12},"end":{"line":152,"column":46}},"72":{"start":{"line":154,"column":8},"end":{"line":154,"column":73}},"73":{"start":{"line":154,"column":30},"end":{"line":154,"column":73}},"74":{"start":{"line":155,"column":8},"end":{"line":155,"column":66}},"75":{"start":{"line":155,"column":28},"end":{"line":155,"column":66}},"76":{"start":{"line":157,"column":28},"end":{"line":157,"column":49}},"77":{"start":{"line":158,"column":8},"end":{"line":161,"column":10}},"78":{"start":{"line":10,"column":0},"end":{"line":10,"column":13}}},"fnMap":{"0":{"name":"(anonymous_0)","decl":{"start":{"line":23,"column":4},"end":{"line":23,"column":20}},"loc":{"start":{"line":23,"column":4},"end":{"line":23,"column":21}}},"1":{"name":"(anonymous_1)","decl":{"start":{"line":25,"column":11},"end":{"line":25,"column":22}},"loc":{"start":{"line":25,"column":38},"end":{"line":28,"column":5}}},"2":{"name":"(anonymous_2)","decl":{"start":{"line":30,"column":11},"end":{"line":30,"column":20}},"loc":{"start":{"line":30,"column":34},"end":{"line":33,"column":5}}},"3":{"name":"(anonymous_3)","decl":{"start":{"line":35,"column":11},"end":{"line":35,"column":18}},"loc":{"start":{"line":39,"column":23},"end":{"line":43,"column":5}}},"4":{"name":"(anonymous_4)","decl":{"start":{"line":45,"column":11},"end":{"line":45,"column":21}},"loc":{"start":{"line":47,"column":42},"end":{"line":89,"column":5}}},"5":{"name":"(anonymous_5)","decl":{"start":{"line":52,"column":51},"end":{"line":52,"column":52}},"loc":{"start":{"line":52,"column":62},"end":{"line":84,"column":9}}},"6":{"name":"(anonymous_6)","decl":{"start":{"line":57,"column":65},"end":{"line":57,"column":66}},"loc":{"start":{"line":57,"column":75},"end":{"line":60,"column":17}}},"7":{"name":"(anonymous_7)","decl":{"start":{"line":67,"column":65},"end":{"line":67,"column":66}},"loc":{"start":{"line":67,"column":75},"end":{"line":70,"column":17}}},"8":{"name":"(anonymous_8)","decl":{"start":{"line":76,"column":61},"end":{"line":76,"column":62}},"loc":{"start":{"line":76,"column":71},"end":{"line":79,"column":13}}},"9":{"name":"(anonymous_9)","decl":{"start":{"line":91,"column":12},"end":{"line":91,"column":27}},"loc":{"start":{"line":91,"column":46},"end":{"line":116,"column":5}}},"10":{"name":"(anonymous_10)","decl":{"start":{"line":118,"column":11},"end":{"line":118,"column":21}},"loc":{"start":{"line":118,"column":37},"end":{"line":121,"column":5}}},"11":{"name":"(anonymous_11)","decl":{"start":{"line":123,"column":11},"end":{"line":123,"column":23}},"loc":{"start":{"line":123,"column":42},"end":{"line":131,"column":5}}},"12":{"name":"(anonymous_12)","decl":{"start":{"line":133,"column":11},"end":{"line":133,"column":26}},"loc":{"start":{"line":133,"column":45},"end":{"line":138,"column":5}}},"13":{"name":"(anonymous_13)","decl":{"start":{"line":140,"column":11},"end":{"line":140,"column":20}},"loc":{"start":{"line":140,"column":20},"end":{"line":162,"column":5}}}},"branchMap":{"0":{"loc":{"start":{"line":56,"column":12},"end":{"line":64,"column":13}},"type":"if","locations":[{"start":{"line":56,"column":12},"end":{"line":64,"column":13}},{"start":{},"end":{}}]},"1":{"loc":{"start":{"line":61,"column":23},"end":{"line":63,"column":37}},"type":"cond-expr","locations":[{"start":{"line":62,"column":22},"end":{"line":62,"column":54}},{"start":{"line":63,"column":22},"end":{"line":63,"column":37}}]},"2":{"loc":{"start":{"line":66,"column":12},"end":{"line":74,"column":13}},"type":"if","locations":[{"start":{"line":66,"column":12},"end":{"line":74,"column":13}},{"start":{},"end":{}}]},"3":{"loc":{"start":{"line":71,"column":23},"end":{"line":73,"column":37}},"type":"cond-expr","locations":[{"start":{"line":72,"column":22},"end":{"line":72,"column":54}},{"start":{"line":73,"column":22},"end":{"line":73,"column":37}}]},"4":{"loc":{"start":{"line":81,"column":19},"end":{"line":83,"column":33}},"type":"cond-expr","locations":[{"start":{"line":82,"column":18},"end":{"line":82,"column":50}},{"start":{"line":83,"column":18},"end":{"line":83,"column":33}}]},"5":{"loc":{"start":{"line":92,"column":8},"end":{"line":115,"column":9}},"type":"switch","locations":[{"start":{"line":93,"column":12},"end":{"line":94,"column":27}},{"start":{"line":95,"column":12},"end":{"line":96,"column":28}},{"start":{"line":97,"column":12},"end":{"line":98,"column":27}},{"start":{"line":99,"column":12},"end":{"line":100,"column":28}},{"start":{"line":101,"column":12},"end":{"line":102,"column":27}},{"start":{"line":103,"column":12},"end":{"line":104,"column":28}},{"start":{"line":105,"column":12},"end":{"line":106,"column":28}},{"start":{"line":107,"column":12},"end":{"line":108,"column":32}},{"start":{"line":109,"column":12},"end":{"line":110,"column":30}},{"start":{"line":111,"column":12},"end":{"line":112,"column":34}},{"start":{"line":113,"column":12},"end":{"line":114,"column":69}}]},"6":{"loc":{"start":{"line":125,"column":8},"end":{"line":128,"column":9}},"type":"if","locations":[{"start":{"line":125,"column":8},"end":{"line":128,"column":9}},{"start":{},"end":{}}]},"7":{"loc":{"start":{"line":142,"column":8},"end":{"line":144,"column":9}},"type":"if","locations":[{"start":{"line":142,"column":8},"end":{"line":144,"column":9}},{"start":{},"end":{}}]},"8":{"loc":{"start":{"line":145,"column":8},"end":{"line":145,"column":63}},"type":"if","locations":[{"start":{"line":145,"column":8},"end":{"line":145,"column":63}},{"start":{},"end":{}}]},"9":{"loc":{"start":{"line":146,"column":8},"end":{"line":148,"column":9}},"type":"if","locations":[{"start":{"line":146,"column":8},"end":{"line":148,"column":9}},{"start":{},"end":{}}]},"10":{"loc":{"start":{"line":149,"column":8},"end":{"line":149,"column":66}},"type":"if","locations":[{"start":{"line":149,"column":8},"end":{"line":149,"column":66}},{"start":{},"end":{}}]},"11":{"loc":{"start":{"line":150,"column":8},"end":{"line":153,"column":9}},"type":"if","locations":[{"start":{"line":150,"column":8},"end":{"line":153,"column":9}},{"start":{},"end":{}}]},"12":{"loc":{"start":{"line":154,"column":8},"end":{"line":154,"column":73}},"type":"if","locations":[{"start":{"line":154,"column":8},"end":{"line":154,"column":73}},{"start":{},"end":{}}]},"13":{"loc":{"start":{"line":155,"column":8},"end":{"line":155,"column":66}},"type":"if","locations":[{"start":{"line":155,"column":8},"end":{"line":155,"column":66}},{"start":{},"end":{}}]}},"s":{"0":3,"1":3,"2":12,"3":12,"4":12,"5":12,"6":12,"7":12,"8":12,"9":12,"10":12,"11":12,"12":12,"13":12,"14":16,"15":16,"16":5,"17":5,"18":5,"19":11,"20":11,"21":7,"22":12,"23":12,"24":7,"25":4,"26":0,"27":0,"28":0,"29":0,"30":4,"31":4,"32":4,"33":3,"34":4,"35":4,"36":4,"37":0,"38":0,"39":1,"40":2,"41":0,"42":0,"43":0,"44":0,"45":0,"46":0,"47":1,"48":4,"49":4,"50":4,"51":4,"52":0,"53":0,"54":4,"55":4,"56":8,"57":8,"58":8,"59":8,"60":11,"61":11,"62":11,"63":11,"64":11,"65":11,"66":5,"67":11,"68":4,"69":11,"70":4,"71":4,"72":11,"73":4,"74":11,"75":8,"76":11,"77":11,"78":3},"f":{"0":12,"1":12,"2":12,"3":16,"4":5,"5":11,"6":12,"7":0,"8":4,"9":4,"10":4,"11":4,"12":8,"13":11},"b":{"0":[7,4],"1":[5,2],"2":[0,4],"3":[0,0],"4":[0,3],"5":[0,0,1,2,0,0,0,0,0,0,1],"6":[0,4],"7":[11,0],"8":[11,0],"9":[5,6],"10":[4,7],"11":[4,7],"12":[4,7],"13":[8,3]}}
,"/home/jose/Documents/school/architectures/pattern-criteria/src/app/shared/infrastructure/criteria/urlsearch-to-criteria-cursor.ts": {"path":"/home/jose/Documents/school/architectures/pattern-criteria/src/app/shared/infrastructure/criteria/urlsearch-to-criteria-cursor.ts","statementMap":{"0":{"start":{"line":1,"column":0},"end":{"line":1,"column":105}},"1":{"start":{"line":2,"column":0},"end":{"line":2,"column":null}},"2":{"start":{"line":6,"column":0},"end":{"line":6,"column":99}},"3":{"start":{"line":7,"column":0},"end":{"line":7,"column":109}},"4":{"start":{"line":12,"column":40},"end":{"line":12,"column":70}},"5":{"start":{"line":13,"column":45},"end":{"line":13,"column":78}},"6":{"start":{"line":14,"column":35},"end":{"line":14,"column":63}},"7":{"start":{"line":16,"column":23},"end":{"line":16,"column":69}},"8":{"start":{"line":17,"column":8},"end":{"line":17,"column":22}},"9":{"start":{"line":21,"column":22},"end":{"line":21,"column":53}},"10":{"start":{"line":22,"column":23},"end":{"line":22,"column":55}},"11":{"start":{"line":23,"column":26},"end":{"line":23,"column":61}},"12":{"start":{"line":24,"column":8},"end":{"line":24,"column":68}},"13":{"start":{"line":29,"column":44},"end":{"line":29,"column":53}},"14":{"start":{"line":31,"column":8},"end":{"line":45,"column":9}},"15":{"start":{"line":32,"column":26},"end":{"line":32,"column":54}},"16":{"start":{"line":34,"column":12},"end":{"line":34,"column":33}},"17":{"start":{"line":34,"column":24},"end":{"line":34,"column":33}},"18":{"start":{"line":36,"column":26},"end":{"line":36,"column":34}},"19":{"start":{"line":37,"column":26},"end":{"line":37,"column":34}},"20":{"start":{"line":39,"column":12},"end":{"line":39,"column":66}},"21":{"start":{"line":39,"column":40},"end":{"line":39,"column":66}},"22":{"start":{"line":41,"column":27},"end":{"line":41,"column":55}},"23":{"start":{"line":42,"column":12},"end":{"line":42,"column":34}},"24":{"start":{"line":44,"column":12},"end":{"line":44,"column":42}},"25":{"start":{"line":47,"column":27},"end":{"line":47,"column":58}},"26":{"start":{"line":48,"column":40},"end":{"line":49,"column":null}},"27":{"start":{"line":49,"column":12},"end":{"line":49,"column":71}},"28":{"start":{"line":52,"column":8},"end":{"line":52,"column":23}},"29":{"start":{"line":56,"column":25},"end":{"line":56,"column":53}},"30":{"start":{"line":57,"column":8},"end":{"line":57,"column":53}},"31":{"start":{"line":57,"column":23},"end":{"line":57,"column":53}},"32":{"start":{"line":58,"column":8},"end":{"line":58,"column":57}},"33":{"start":{"line":9,"column":0},"end":{"line":9,"column":13}}},"fnMap":{"0":{"name":"(anonymous_0)","decl":{"start":{"line":10,"column":11},"end":{"line":10,"column":17}},"loc":{"start":{"line":10,"column":53},"end":{"line":18,"column":5}}},"1":{"name":"(anonymous_1)","decl":{"start":{"line":20,"column":12},"end":{"line":20,"column":18}},"loc":{"start":{"line":20,"column":58},"end":{"line":25,"column":5}}},"2":{"name":"(anonymous_2)","decl":{"start":{"line":27,"column":12},"end":{"line":27,"column":18}},"loc":{"start":{"line":27,"column":60},"end":{"line":53,"column":5}}},"3":{"name":"(anonymous_3)","decl":{"start":{"line":48,"column":55},"end":{"line":48,"column":56}},"loc":{"start":{"line":49,"column":12},"end":{"line":49,"column":71}}},"4":{"name":"(anonymous_4)","decl":{"start":{"line":55,"column":12},"end":{"line":55,"column":18}},"loc":{"start":{"line":55,"column":63},"end":{"line":59,"column":5}}}},"branchMap":{"0":{"loc":{"start":{"line":21,"column":22},"end":{"line":21,"column":53}},"type":"binary-expr","locations":[{"start":{"line":21,"column":22},"end":{"line":21,"column":47}},{"start":{"line":21,"column":51},"end":{"line":21,"column":53}}]},"1":{"loc":{"start":{"line":22,"column":23},"end":{"line":22,"column":55}},"type":"binary-expr","locations":[{"start":{"line":22,"column":23},"end":{"line":22,"column":49}},{"start":{"line":22,"column":53},"end":{"line":22,"column":55}}]},"2":{"loc":{"start":{"line":23,"column":26},"end":{"line":23,"column":61}},"type":"binary-expr","locations":[{"start":{"line":23,"column":26},"end":{"line":23,"column":55}},{"start":{"line":23,"column":59},"end":{"line":23,"column":61}}]},"3":{"loc":{"start":{"line":34,"column":12},"end":{"line":34,"column":33}},"type":"if","locations":[{"start":{"line":34,"column":12},"end":{"line":34,"column":33}},{"start":{},"end":{}}]},"4":{"loc":{"start":{"line":39,"column":12},"end":{"line":39,"column":66}},"type":"if","locations":[{"start":{"line":39,"column":12},"end":{"line":39,"column":66}},{"start":{},"end":{}}]},"5":{"loc":{"start":{"line":57,"column":8},"end":{"line":57,"column":53}},"type":"if","locations":[{"start":{"line":57,"column":8},"end":{"line":57,"column":53}},{"start":{},"end":{}}]}},"s":{"0":2,"1":2,"2":2,"3":2,"4":9,"5":9,"6":9,"7":6,"8":6,"9":9,"10":9,"11":9,"12":9,"13":9,"14":9,"15":39,"16":39,"17":27,"18":12,"19":12,"20":12,"21":4,"22":12,"23":12,"24":12,"25":9,"26":9,"27":4,"28":9,"29":9,"30":9,"31":6,"32":3,"33":2},"f":{"0":9,"1":9,"2":9,"3":4,"4":9},"b":{"0":[9,2],"1":[9,1],"2":[9,1],"3":[27,12],"4":[4,8],"5":[6,3]}}
,"/home/jose/Documents/school/architectures/pattern-criteria/src/app/shared/infrastructure/criteria/urlsearch-to-criteria.ts": {"path":"/home/jose/Documents/school/architectures/pattern-criteria/src/app/shared/infrastructure/criteria/urlsearch-to-criteria.ts","statementMap":{"0":{"start":{"line":1,"column":0},"end":{"line":1,"column":85}},"1":{"start":{"line":2,"column":0},"end":{"line":2,"column":null}},"2":{"start":{"line":6,"column":0},"end":{"line":6,"column":79}},"3":{"start":{"line":7,"column":0},"end":{"line":7,"column":89}},"4":{"start":{"line":11,"column":24},"end":{"line":11,"column":53}},"5":{"start":{"line":12,"column":22},"end":{"line":12,"column":49}},"6":{"start":{"line":13,"column":27},"end":{"line":13,"column":56}},"7":{"start":{"line":15,"column":25},"end":{"line":15,"column":65}},"8":{"start":{"line":16,"column":8},"end":{"line":16,"column":24}},"9":{"start":{"line":21,"column":44},"end":{"line":21,"column":53}},"10":{"start":{"line":23,"column":8},"end":{"line":37,"column":9}},"11":{"start":{"line":24,"column":26},"end":{"line":24,"column":54}},"12":{"start":{"line":26,"column":12},"end":{"line":26,"column":33}},"13":{"start":{"line":26,"column":24},"end":{"line":26,"column":33}},"14":{"start":{"line":28,"column":26},"end":{"line":28,"column":34}},"15":{"start":{"line":29,"column":26},"end":{"line":29,"column":34}},"16":{"start":{"line":31,"column":12},"end":{"line":31,"column":66}},"17":{"start":{"line":31,"column":40},"end":{"line":31,"column":66}},"18":{"start":{"line":33,"column":27},"end":{"line":33,"column":55}},"19":{"start":{"line":34,"column":12},"end":{"line":34,"column":34}},"20":{"start":{"line":36,"column":12},"end":{"line":36,"column":42}},"21":{"start":{"line":39,"column":27},"end":{"line":39,"column":58}},"22":{"start":{"line":40,"column":34},"end":{"line":42,"column":10}},"23":{"start":{"line":41,"column":12},"end":{"line":41,"column":73}},"24":{"start":{"line":44,"column":8},"end":{"line":44,"column":23}},"25":{"start":{"line":48,"column":24},"end":{"line":48,"column":57}},"26":{"start":{"line":49,"column":22},"end":{"line":49,"column":57}},"27":{"start":{"line":50,"column":8},"end":{"line":50,"column":56}},"28":{"start":{"line":54,"column":21},"end":{"line":54,"column":54}},"29":{"start":{"line":55,"column":25},"end":{"line":55,"column":62}},"30":{"start":{"line":56,"column":8},"end":{"line":56,"column":57}},"31":{"start":{"line":9,"column":0},"end":{"line":9,"column":13}}},"fnMap":{"0":{"name":"(anonymous_0)","decl":{"start":{"line":10,"column":11},"end":{"line":10,"column":17}},"loc":{"start":{"line":10,"column":53},"end":{"line":17,"column":5}}},"1":{"name":"(anonymous_1)","decl":{"start":{"line":19,"column":12},"end":{"line":19,"column":18}},"loc":{"start":{"line":19,"column":59},"end":{"line":45,"column":5}}},"2":{"name":"(anonymous_2)","decl":{"start":{"line":40,"column":49},"end":{"line":40,"column":50}},"loc":{"start":{"line":40,"column":63},"end":{"line":42,"column":9}}},"3":{"name":"(anonymous_3)","decl":{"start":{"line":47,"column":12},"end":{"line":47,"column":18}},"loc":{"start":{"line":47,"column":57},"end":{"line":51,"column":5}}},"4":{"name":"(anonymous_4)","decl":{"start":{"line":53,"column":12},"end":{"line":53,"column":18}},"loc":{"start":{"line":53,"column":59},"end":{"line":57,"column":5}}}},"branchMap":{"0":{"loc":{"start":{"line":26,"column":12},"end":{"line":26,"column":33}},"type":"if","locations":[{"start":{"line":26,"column":12},"end":{"line":26,"column":33}},{"start":{},"end":{}}]},"1":{"loc":{"start":{"line":31,"column":12},"end":{"line":31,"column":66}},"type":"if","locations":[{"start":{"line":31,"column":12},"end":{"line":31,"column":66}},{"start":{},"end":{}}]},"2":{"loc":{"start":{"line":48,"column":24},"end":{"line":48,"column":57}},"type":"binary-expr","locations":[{"start":{"line":48,"column":24},"end":{"line":48,"column":51}},{"start":{"line":48,"column":55},"end":{"line":48,"column":57}}]},"3":{"loc":{"start":{"line":49,"column":22},"end":{"line":49,"column":57}},"type":"binary-expr","locations":[{"start":{"line":49,"column":22},"end":{"line":49,"column":47}},{"start":{"line":49,"column":51},"end":{"line":49,"column":57}}]},"4":{"loc":{"start":{"line":54,"column":21},"end":{"line":54,"column":54}},"type":"binary-expr","locations":[{"start":{"line":54,"column":21},"end":{"line":54,"column":45}},{"start":{"line":54,"column":49},"end":{"line":54,"column":54}}]},"5":{"loc":{"start":{"line":55,"column":25},"end":{"line":55,"column":62}},"type":"binary-expr","locations":[{"start":{"line":55,"column":25},"end":{"line":55,"column":53}},{"start":{"line":55,"column":57},"end":{"line":55,"column":62}}]}},"s":{"0":2,"1":2,"2":2,"3":2,"4":11,"5":8,"6":7,"7":3,"8":3,"9":11,"10":11,"11":57,"12":57,"13":33,"14":24,"15":24,"16":24,"17":8,"18":24,"19":24,"20":24,"21":11,"22":11,"23":8,"24":8,"25":8,"26":8,"27":8,"28":7,"29":7,"30":7,"31":2},"f":{"0":11,"1":11,"2":8,"3":8,"4":7},"b":{"0":[33,24],"1":[8,16],"2":[8,4],"3":[8,4],"4":[7,1],"5":[7,2]}}
,"/home/jose/Documents/school/architectures/pattern-criteria/src/app/shared/infrastructure/database/postgres/postgress-manager.ts": {"path":"/home/jose/Documents/school/architectures/pattern-criteria/src/app/shared/infrastructure/database/postgres/postgress-manager.ts","statementMap":{"0":{"start":{"line":1,"column":0},"end":{"line":1,"column":63}},"1":{"start":{"line":2,"column":0},"end":{"line":2,"column":93}},"2":{"start":{"line":9,"column":8},"end":{"line":9,"column":38}},"3":{"start":{"line":13,"column":28},"end":{"line":13,"column":60}},"4":{"start":{"line":14,"column":21},"end":{"line":19,"column":10}},"5":{"start":{"line":20,"column":8},"end":{"line":20,"column":20}},"6":{"start":{"line":24,"column":40},"end":{"line":24,"column":44}},"7":{"start":{"line":25,"column":8},"end":{"line":34,"column":9}},"8":{"start":{"line":26,"column":12},"end":{"line":26,"column":47}},"9":{"start":{"line":27,"column":27},"end":{"line":27,"column":52}},"10":{"start":{"line":28,"column":12},"end":{"line":28,"column":26}},"11":{"start":{"line":30,"column":12},"end":{"line":30,"column":58}},"12":{"start":{"line":31,"column":12},"end":{"line":31,"column":24}},"13":{"start":{"line":33,"column":12},"end":{"line":33,"column":41}},"14":{"start":{"line":33,"column":24},"end":{"line":33,"column":41}},"15":{"start":{"line":38,"column":40},"end":{"line":38,"column":44}},"16":{"start":{"line":39,"column":8},"end":{"line":48,"column":9}},"17":{"start":{"line":40,"column":12},"end":{"line":40,"column":47}},"18":{"start":{"line":41,"column":27},"end":{"line":41,"column":64}},"19":{"start":{"line":42,"column":12},"end":{"line":42,"column":26}},"20":{"start":{"line":44,"column":12},"end":{"line":44,"column":72}},"21":{"start":{"line":45,"column":12},"end":{"line":45,"column":24}},"22":{"start":{"line":47,"column":12},"end":{"line":47,"column":41}},"23":{"start":{"line":47,"column":24},"end":{"line":47,"column":41}},"24":{"start":{"line":52,"column":13},"end":{"line":52,"column":53}}},"fnMap":{"0":{"name":"(anonymous_0)","decl":{"start":{"line":8,"column":4},"end":{"line":8,"column":null}},"loc":{"start":{"line":8,"column":4},"end":{"line":10,"column":5}}},"1":{"name":"(anonymous_1)","decl":{"start":{"line":12,"column":12},"end":{"line":12,"column":22}},"loc":{"start":{"line":12,"column":22},"end":{"line":21,"column":5}}},"2":{"name":"(anonymous_2)","decl":{"start":{"line":23,"column":11},"end":{"line":23,"column":16}},"loc":{"start":{"line":23,"column":39},"end":{"line":35,"column":5}}},"3":{"name":"(anonymous_3)","decl":{"start":{"line":37,"column":11},"end":{"line":37,"column":16}},"loc":{"start":{"line":37,"column":71},"end":{"line":49,"column":5}}}},"branchMap":{"0":{"loc":{"start":{"line":33,"column":12},"end":{"line":33,"column":41}},"type":"if","locations":[{"start":{"line":33,"column":12},"end":{"line":33,"column":41}},{"start":{},"end":{}}]},"1":{"loc":{"start":{"line":47,"column":12},"end":{"line":47,"column":41}},"type":"if","locations":[{"start":{"line":47,"column":12},"end":{"line":47,"column":41}},{"start":{},"end":{}}]}},"s":{"0":4,"1":4,"2":4,"3":4,"4":4,"5":4,"6":2,"7":2,"8":2,"9":2,"10":2,"11":0,"12":0,"13":2,"14":2,"15":3,"16":3,"17":3,"18":3,"19":3,"20":0,"21":0,"22":3,"23":3,"24":4},"f":{"0":4,"1":4,"2":2,"3":3},"b":{"0":[2,0],"1":[3,0]}}
,"/home/jose/Documents/school/architectures/pattern-criteria/src/app/shared/infrastructure/utils/enviroment-variables.ts": {"path":"/home/jose/Documents/school/architectures/pattern-criteria/src/app/shared/infrastructure/utils/enviroment-variables.ts","statementMap":{"0":{"start":{"line":1,"column":0},"end":{"line":1,"column":33}},"1":{"start":{"line":2,"column":0},"end":{"line":4,"column":3}},"2":{"start":{"line":41,"column":4},"end":{"line":66,"column":5}},"3":{"start":{"line":42,"column":6},"end":{"line":65,"column":8}},"4":{"start":{"line":67,"column":4},"end":{"line":67,"column":25}},"5":{"start":{"line":71,"column":13},"end":{"line":71,"column":62}}},"fnMap":{"0":{"name":"(anonymous_9)","decl":{"start":{"line":40,"column":9},"end":{"line":40,"column":15}},"loc":{"start":{"line":40,"column":20},"end":{"line":68,"column":3}}}},"branchMap":{"0":{"loc":{"start":{"line":3,"column":16},"end":{"line":3,"column":53}},"type":"binary-expr","locations":[{"start":{"line":3,"column":16},"end":{"line":3,"column":36}},{"start":{"line":3,"column":40},"end":{"line":3,"column":53}}]},"1":{"loc":{"start":{"line":41,"column":4},"end":{"line":66,"column":5}},"type":"if","locations":[{"start":{"line":41,"column":4},"end":{"line":66,"column":5}},{"start":{},"end":{}}]},"2":{"loc":{"start":{"line":46,"column":23},"end":{"line":46,"column":49}},"type":"binary-expr","locations":[{"start":{"line":46,"column":23},"end":{"line":46,"column":39}},{"start":{"line":46,"column":43},"end":{"line":46,"column":49}}]},"3":{"loc":{"start":{"line":47,"column":17},"end":{"line":47,"column":54}},"type":"binary-expr","locations":[{"start":{"line":47,"column":17},"end":{"line":47,"column":37}},{"start":{"line":47,"column":41},"end":{"line":47,"column":54}}]},"4":{"loc":{"start":{"line":48,"column":13},"end":{"line":54,"column":21}},"type":"cond-expr","locations":[{"start":{"line":49,"column":12},"end":{"line":53,"column":null}},{"start":{"line":54,"column":12},"end":{"line":54,"column":21}}]},"5":{"loc":{"start":{"line":51,"column":23},"end":{"line":51,"column":58}},"type":"binary-expr","locations":[{"start":{"line":51,"column":23},"end":{"line":51,"column":49}},{"start":{"line":51,"column":53},"end":{"line":51,"column":58}}]},"6":{"loc":{"start":{"line":52,"column":30},"end":{"line":52,"column":72}},"type":"binary-expr","locations":[{"start":{"line":52,"column":30},"end":{"line":52,"column":64}},{"start":{"line":52,"column":68},"end":{"line":52,"column":72}}]},"7":{"loc":{"start":{"line":60,"column":24},"end":{"line":60,"column":63}},"type":"binary-expr","locations":[{"start":{"line":60,"column":24},"end":{"line":60,"column":48}},{"start":{"line":60,"column":52},"end":{"line":60,"column":63}}]},"8":{"loc":{"start":{"line":61,"column":23},"end":{"line":61,"column":61}},"type":"binary-expr","locations":[{"start":{"line":61,"column":23},"end":{"line":61,"column":46}},{"start":{"line":61,"column":50},"end":{"line":61,"column":61}}]},"9":{"loc":{"start":{"line":62,"column":25},"end":{"line":62,"column":65}},"type":"binary-expr","locations":[{"start":{"line":62,"column":25},"end":{"line":62,"column":50}},{"start":{"line":62,"column":54},"end":{"line":62,"column":65}}]},"10":{"loc":{"start":{"line":63,"column":29},"end":{"line":63,"column":73}},"type":"binary-expr","locations":[{"start":{"line":63,"column":29},"end":{"line":63,"column":58}},{"start":{"line":63,"column":62},"end":{"line":63,"column":73}}]}},"s":{"0":4,"1":4,"2":4,"3":4,"4":4,"5":4},"f":{"0":4},"b":{"0":[4,0],"1":[4,0],"2":[4,4],"3":[4,0],"4":[0,4],"5":[0,0],"6":[0,0],"7":[4,0],"8":[4,0],"9":[4,0],"10":[4,0]}}
}
