TN:
SF:src/app/products/application/get-all-products.application.ts
FN:20,(anonymous_0)
FN:25,(anonymous_1)
FNF:2
FNH:2
FNDA:1,(anonymous_0)
FNDA:1,(anonymous_1)
DA:3,1
DA:19,1
DA:21,1
DA:22,1
DA:28,1
DA:29,1
DA:30,1
DA:31,0
DA:32,0
DA:35,0
DA:36,0
DA:37,0
DA:38,0
DA:43,0
DA:45,1
LF:15
LH:8
BRDA:31,0,0,0
BRDA:31,0,1,0
BRF:2
BRH:0
end_of_record
TN:
SF:src/app/products/application/get-products-by-cursor.application.ts
FN:27,(anonymous_0)
FN:35,(anonymous_1)
FNF:2
FNH:2
FNDA:1,(anonymous_0)
FNDA:2,(anonymous_1)
DA:6,1
DA:23,1
DA:31,1
DA:32,1
DA:38,2
DA:39,2
DA:40,2
DA:41,2
DA:43,2
DA:44,1
DA:48,1
DA:49,0
DA:51,1
DA:54,2
DA:55,2
DA:56,0
DA:59,2
DA:60,2
DA:62,2
DA:71,2
DA:74,0
DA:75,0
DA:76,0
LF:23
LH:18
BRDA:43,0,0,1
BRDA:43,0,1,1
BRDA:48,1,0,0
BRDA:48,1,1,1
BRDA:55,2,0,0
BRDA:55,2,1,2
BRDA:74,3,0,0
BRDA:74,3,1,0
BRF:8
BRH:4
end_of_record
TN:
SF:src/app/products/infra/postgres/get-all-products.postgres.ts
FN:9,(anonymous_0)
FN:17,(anonymous_1)
FN:35,(anonymous_2)
FNF:3
FNH:3
FNDA:2,(anonymous_0)
FNDA:2,(anonymous_1)
FNDA:2,(anonymous_2)
DA:5,2
DA:7,2
DA:10,2
DA:18,2
DA:19,1
DA:20,1
DA:21,1
DA:25,1
DA:27,0
DA:37,2
DA:49,2
DA:72,1
LF:12
LH:11
BRF:0
BRH:0
end_of_record
TN:
SF:src/app/products/infra/postgres/get-products-by-cursor.postgres.ts
FN:9,(anonymous_0)
FN:13,(anonymous_1)
FN:27,(anonymous_2)
FNF:3
FNH:3
FNDA:1,(anonymous_0)
FNDA:2,(anonymous_1)
FNDA:2,(anonymous_2)
DA:5,1
DA:7,1
DA:10,1
DA:15,2
DA:16,2
DA:17,2
DA:21,2
DA:23,0
DA:28,2
DA:40,2
DA:71,2
DA:79,2
DA:85,2
DA:92,2
DA:94,2
LF:15
LH:14
BRF:0
BRH:0
end_of_record
TN:
SF:src/app/products/infra/postgres/get-total-of-products.postgress.ts
FN:5,(anonymous_0)
FN:9,(anonymous_1)
FNF:2
FNH:1
FNDA:1,(anonymous_0)
FNDA:0,(anonymous_1)
DA:4,1
DA:6,1
DA:10,0
DA:11,0
DA:12,0
DA:13,0
DA:15,0
LF:7
LH:2
BRF:0
BRH:0
end_of_record
TN:
SF:src/app/products/infra/postgres/get-value.postgres.ts
FN:6,(anonymous_0)
FN:10,(anonymous_1)
FNF:2
FNH:2
FNDA:2,(anonymous_0)
FNDA:2,(anonymous_1)
DA:4,2
DA:7,2
DA:11,2
DA:12,2
DA:13,2
DA:14,2
DA:15,2
DA:16,2
DA:18,0
DA:19,0
LF:10
LH:8
BRDA:15,0,0,0
BRDA:15,0,1,2
BRF:2
BRH:1
end_of_record
TN:
SF:src/app/shared/domain/errors/criteria.error.ts
FN:4,(anonymous_0)
FNF:1
FNH:1
FNDA:14,(anonymous_0)
DA:1,7
DA:3,7
DA:6,14
DA:7,14
DA:8,14
DA:10,14
DA:11,14
LF:7
LH:7
BRDA:7,0,0,7
BRDA:7,0,1,7
BRDA:8,1,0,7
BRDA:8,1,1,7
BRF:4
BRH:4
end_of_record
TN:
SF:src/app/shared/domain/errors/custom-error.error.ts
FN:4,(anonymous_0)
FN:8,(anonymous_1)
FNF:2
FNH:1
FNDA:14,(anonymous_0)
FNDA:0,(anonymous_1)
DA:1,7
DA:3,7
DA:5,14
DA:9,0
DA:10,0
LF:5
LH:3
BRF:0
BRH:0
end_of_record
TN:
SF:src/app/shared/domain/model/custom-response.model.ts
FN:3,(anonymous_0)
FN:13,(anonymous_1)
FN:17,(anonymous_2)
FN:29,(anonymous_3)
FN:33,(anonymous_4)
FN:41,(anonymous_5)
FNF:6
FNH:3
FNDA:3,(anonymous_0)
FNDA:2,(anonymous_1)
FNDA:0,(anonymous_2)
FNDA:1,(anonymous_3)
FNDA:0,(anonymous_4)
FNDA:0,(anonymous_5)
DA:2,7
DA:4,3
DA:5,3
DA:6,3
DA:14,2
DA:18,0
DA:30,1
DA:34,0
DA:42,0
LF:9
LH:6
BRDA:13,0,0,0
BRDA:33,1,0,0
BRF:2
BRH:0
end_of_record
TN:
SF:src/app/shared/domain/repository/criteria/criteria.criteria.ts
FN:10,(anonymous_0)
FNF:1
FNH:1
FNDA:14,(anonymous_0)
DA:5,4
DA:11,14
DA:12,14
DA:13,14
LF:4
LH:4
BRF:0
BRH:0
end_of_record
TN:
SF:src/app/shared/domain/repository/criteria/filter.criteria.ts
FN:12,(anonymous_0)
FN:30,(anonymous_1)
FN:36,(anonymous_2)
FN:53,(anonymous_3)
FN:54,(anonymous_4)
FNF:5
FNH:5
FNDA:4,(anonymous_0)
FNDA:14,(anonymous_1)
FNDA:8,(anonymous_2)
FNDA:7,(anonymous_3)
FNDA:7,(anonymous_4)
DA:1,4
DA:12,4
DA:13,4
DA:14,4
DA:15,4
DA:16,4
DA:17,4
DA:18,4
DA:19,4
DA:20,4
DA:21,4
DA:22,4
DA:25,4
DA:31,14
DA:32,14
DA:33,14
DA:38,8
DA:39,8
DA:40,0
DA:44,8
DA:45,8
DA:46,3
DA:50,5
DA:53,7
DA:54,7
DA:56,5
DA:57,0
DA:62,5
LF:28
LH:26
BRDA:12,0,0,4
BRDA:12,0,1,4
BRDA:39,1,0,0
BRDA:39,1,1,8
BRDA:45,2,0,3
BRDA:45,2,1,5
BRDA:56,3,0,0
BRDA:56,3,1,5
BRF:8
BRH:6
end_of_record
TN:
SF:src/app/shared/domain/repository/criteria/order.criteria.ts
FN:3,(anonymous_0)
FN:18,(anonymous_1)
FN:23,(anonymous_2)
FNF:3
FNH:3
FNDA:4,(anonymous_0)
FNDA:18,(anonymous_1)
FNDA:8,(anonymous_2)
DA:1,4
DA:3,4
DA:4,4
DA:5,4
DA:6,4
DA:14,4
DA:19,18
DA:20,18
DA:24,8
DA:25,1
DA:28,7
LF:11
LH:11
BRDA:3,0,0,4
BRDA:3,0,1,4
BRDA:24,1,0,1
BRDA:24,1,1,7
BRF:4
BRH:4
end_of_record
TN:
SF:src/app/shared/domain/repository/criteria/pagination.criteria.ts
FN:7,(anonymous_0)
FN:12,(anonymous_1)
FNF:2
FNH:2
FNDA:14,(anonymous_0)
FNDA:7,(anonymous_1)
DA:1,4
DA:3,4
DA:8,14
DA:9,14
DA:13,7
DA:14,7
DA:15,7
DA:17,7
DA:18,7
DA:20,7
DA:21,6
DA:23,5
DA:24,4
DA:26,3
DA:28,4
LF:15
LH:15
BRDA:7,0,0,0
BRDA:7,1,0,0
BRDA:20,2,0,1
BRDA:20,2,1,6
BRDA:21,3,0,1
BRDA:21,3,1,5
BRDA:23,4,0,1
BRDA:23,4,1,4
BRDA:24,5,0,1
BRDA:24,5,1,3
BRF:10
BRH:8
end_of_record
TN:
SF:src/app/shared/domain/repository/criteria-cursor/criteria-cursor.criteria-cursor.ts
FN:10,(anonymous_0)
FNF:1
FNH:1
FNDA:11,(anonymous_0)
DA:5,3
DA:15,11
DA:16,11
DA:17,11
LF:4
LH:4
BRF:0
BRH:0
end_of_record
TN:
SF:src/app/shared/domain/repository/criteria-cursor/filter-cursor.criteria-cursor.ts
FN:9,(anonymous_0)
FN:27,(anonymous_1)
FN:33,(anonymous_2)
FNF:3
FNH:3
FNDA:3,(anonymous_0)
FNDA:6,(anonymous_1)
FNDA:4,(anonymous_2)
DA:1,3
DA:9,3
DA:10,3
DA:11,3
DA:12,3
DA:13,3
DA:14,3
DA:15,3
DA:16,3
DA:17,3
DA:18,3
DA:19,3
DA:22,3
DA:28,6
DA:29,6
DA:30,6
DA:34,4
DA:35,4
DA:36,4
DA:37,4
DA:38,0
DA:40,4
DA:42,0
LF:23
LH:21
BRDA:9,0,0,3
BRDA:9,0,1,3
BRDA:37,1,0,0
BRDA:37,1,1,4
BRF:4
BRH:3
end_of_record
TN:
SF:src/app/shared/domain/repository/criteria-cursor/order-cursor.criteria-cursor.ts
FN:3,(anonymous_0)
FN:9,(anonymous_1)
FN:15,(anonymous_2)
FNF:3
FNH:3
FNDA:3,(anonymous_0)
FNDA:11,(anonymous_1)
FNDA:9,(anonymous_2)
DA:1,3
DA:3,3
DA:4,3
DA:5,3
DA:8,3
DA:10,11
DA:11,11
DA:12,11
DA:20,9
DA:22,9
DA:23,1
DA:26,8
DA:27,1
DA:30,7
DA:31,1
DA:34,6
DA:36,3
LF:17
LH:17
BRDA:3,0,0,3
BRDA:3,0,1,3
BRDA:22,1,0,1
BRDA:22,1,1,8
BRDA:26,2,0,1
BRDA:26,2,1,7
BRDA:30,3,0,1
BRDA:30,3,1,6
BRF:8
BRH:8
end_of_record
TN:
SF:src/app/shared/domain/repository/criteria-cursor/pagination-cursor.criteria-cursor.ts
FN:8,(anonymous_0)
FN:12,(anonymous_1)
FNF:2
FNH:2
FNDA:14,(anonymous_0)
FNDA:3,(anonymous_1)
DA:1,3
DA:4,3
DA:9,14
DA:15,3
DA:17,3
DA:18,3
DA:19,3
DA:20,3
DA:22,3
DA:25,0
LF:10
LH:9
BRDA:8,0,0,10
BRDA:19,1,0,0
BRDA:19,1,1,3
BRDA:20,2,0,0
BRDA:20,2,1,3
BRF:5
BRH:3
end_of_record
TN:
SF:src/app/shared/infrastructure/criteria/criteria-cursor-to-sql.ts
FN:29,(anonymous_0)
FN:41,(anonymous_1)
FN:68,(anonymous_2)
FN:79,(anonymous_3)
FN:96,(anonymous_4)
FN:118,(anonymous_5)
FNF:6
FNH:6
FNDA:7,(anonymous_0)
FNDA:7,(anonymous_1)
FNDA:7,(anonymous_2)
FNDA:2,(anonymous_3)
FNDA:2,(anonymous_4)
FNDA:7,(anonymous_5)
DA:2,2
DA:3,2
DA:5,2
DA:23,2
DA:35,7
DA:36,7
DA:37,7
DA:38,7
DA:42,7
DA:43,7
DA:44,7
DA:46,7
DA:53,7
DA:55,7
DA:57,7
DA:58,7
DA:60,7
DA:62,7
DA:71,7
DA:72,7
DA:73,7
DA:78,7
DA:80,2
DA:81,2
DA:83,2
DA:85,2
DA:86,0
DA:87,0
DA:88,2
DA:89,0
DA:90,0
DA:92,2
DA:93,2
DA:96,2
DA:101,7
DA:103,7
DA:110,7
DA:112,7
DA:119,7
DA:120,7
DA:122,7
LF:41
LH:37
BRDA:55,0,0,3
BRDA:55,0,1,4
BRDA:81,1,0,0
BRDA:81,1,1,2
BRDA:85,2,0,0
BRDA:85,2,1,2
BRDA:88,3,0,0
BRDA:88,3,1,2
BRDA:103,4,0,5
BRDA:103,4,1,2
BRF:10
BRH:7
end_of_record
TN:
SF:src/app/shared/infrastructure/criteria/criteria-to-sql.ts
FN:23,(anonymous_0)
FN:25,(anonymous_1)
FN:30,(anonymous_2)
FN:35,(anonymous_3)
FN:45,(anonymous_4)
FN:52,(anonymous_5)
FN:57,(anonymous_6)
FN:67,(anonymous_7)
FN:76,(anonymous_8)
FN:91,(anonymous_9)
FN:118,(anonymous_10)
FN:123,(anonymous_11)
FN:133,(anonymous_12)
FN:140,(anonymous_13)
FNF:14
FNH:13
FNDA:12,(anonymous_0)
FNDA:12,(anonymous_1)
FNDA:12,(anonymous_2)
FNDA:16,(anonymous_3)
FNDA:5,(anonymous_4)
FNDA:11,(anonymous_5)
FNDA:12,(anonymous_6)
FNDA:0,(anonymous_7)
FNDA:4,(anonymous_8)
FNDA:4,(anonymous_9)
FNDA:4,(anonymous_10)
FNDA:4,(anonymous_11)
FNDA:8,(anonymous_12)
FNDA:11,(anonymous_13)
DA:2,3
DA:3,3
DA:10,3
DA:11,12
DA:13,12
DA:14,12
DA:16,12
DA:17,12
DA:19,12
DA:20,12
DA:21,12
DA:26,12
DA:27,12
DA:31,12
DA:32,12
DA:41,16
DA:42,16
DA:49,5
DA:50,5
DA:52,5
DA:54,11
DA:56,11
DA:57,7
DA:58,12
DA:59,12
DA:61,7
DA:66,4
DA:67,0
DA:68,0
DA:69,0
DA:71,0
DA:76,4
DA:77,4
DA:78,4
DA:81,3
DA:86,4
DA:88,4
DA:92,4
DA:94,0
DA:96,0
DA:98,1
DA:100,2
DA:102,0
DA:104,0
DA:106,0
DA:108,0
DA:110,0
DA:112,0
DA:114,1
DA:119,4
DA:120,4
DA:124,4
DA:125,4
DA:126,0
DA:127,0
DA:129,4
DA:130,4
DA:134,8
DA:135,8
DA:136,8
DA:137,8
DA:141,11
DA:142,11
DA:143,11
DA:145,11
DA:146,11
DA:147,5
DA:149,11
DA:150,11
DA:151,4
DA:152,4
DA:154,11
DA:155,11
DA:157,11
DA:158,11
LF:75
LH:61
BRDA:56,0,0,7
BRDA:56,0,1,4
BRDA:61,1,0,5
BRDA:61,1,1,2
BRDA:66,2,0,0
BRDA:66,2,1,4
BRDA:71,3,0,0
BRDA:71,3,1,0
BRDA:81,4,0,0
BRDA:81,4,1,3
BRDA:92,5,0,0
BRDA:92,5,1,0
BRDA:92,5,2,1
BRDA:92,5,3,2
BRDA:92,5,4,0
BRDA:92,5,5,0
BRDA:92,5,6,0
BRDA:92,5,7,0
BRDA:92,5,8,0
BRDA:92,5,9,0
BRDA:92,5,10,1
BRDA:125,6,0,0
BRDA:125,6,1,4
BRDA:142,7,0,11
BRDA:142,7,1,0
BRDA:145,8,0,11
BRDA:145,8,1,0
BRDA:146,9,0,5
BRDA:146,9,1,6
BRDA:149,10,0,4
BRDA:149,10,1,7
BRDA:150,11,0,4
BRDA:150,11,1,7
BRDA:154,12,0,4
BRDA:154,12,1,7
BRDA:155,13,0,8
BRDA:155,13,1,3
BRF:37
BRH:22
end_of_record
TN:
SF:src/app/shared/infrastructure/criteria/urlsearch-to-criteria-cursor.ts
FN:10,(anonymous_0)
FN:20,(anonymous_1)
FN:27,(anonymous_2)
FN:48,(anonymous_3)
FN:55,(anonymous_4)
FNF:5
FNH:5
FNDA:9,(anonymous_0)
FNDA:9,(anonymous_1)
FNDA:9,(anonymous_2)
FNDA:4,(anonymous_3)
FNDA:9,(anonymous_4)
DA:1,2
DA:2,2
DA:6,2
DA:7,2
DA:9,2
DA:12,9
DA:13,9
DA:14,9
DA:16,6
DA:17,6
DA:21,9
DA:22,9
DA:23,9
DA:24,9
DA:29,9
DA:31,9
DA:32,39
DA:34,39
DA:36,12
DA:37,12
DA:39,12
DA:41,12
DA:42,12
DA:44,12
DA:47,9
DA:48,9
DA:49,4
DA:52,9
DA:56,9
DA:57,9
DA:58,3
LF:31
LH:31
BRDA:21,0,0,9
BRDA:21,0,1,2
BRDA:22,1,0,9
BRDA:22,1,1,1
BRDA:23,2,0,9
BRDA:23,2,1,1
BRDA:34,3,0,27
BRDA:34,3,1,12
BRDA:39,4,0,4
BRDA:39,4,1,8
BRDA:57,5,0,6
BRDA:57,5,1,3
BRF:12
BRH:12
end_of_record
TN:
SF:src/app/shared/infrastructure/criteria/urlsearch-to-criteria.ts
FN:10,(anonymous_0)
FN:19,(anonymous_1)
FN:40,(anonymous_2)
FN:47,(anonymous_3)
FN:53,(anonymous_4)
FNF:5
FNH:5
FNDA:11,(anonymous_0)
FNDA:11,(anonymous_1)
FNDA:8,(anonymous_2)
FNDA:8,(anonymous_3)
FNDA:7,(anonymous_4)
DA:1,2
DA:2,2
DA:6,2
DA:7,2
DA:9,2
DA:11,11
DA:12,8
DA:13,7
DA:15,3
DA:16,3
DA:21,11
DA:23,11
DA:24,57
DA:26,57
DA:28,24
DA:29,24
DA:31,24
DA:33,24
DA:34,24
DA:36,24
DA:39,11
DA:40,11
DA:41,8
DA:44,8
DA:48,8
DA:49,8
DA:50,8
DA:54,7
DA:55,7
DA:56,7
LF:30
LH:30
BRDA:26,0,0,33
BRDA:26,0,1,24
BRDA:31,1,0,8
BRDA:31,1,1,16
BRDA:48,2,0,8
BRDA:48,2,1,4
BRDA:49,3,0,8
BRDA:49,3,1,4
BRDA:54,4,0,7
BRDA:54,4,1,1
BRDA:55,5,0,7
BRDA:55,5,1,2
BRF:12
BRH:12
end_of_record
TN:
SF:src/app/shared/infrastructure/database/postgres/postgress-manager.ts
FN:8,(anonymous_0)
FN:12,(anonymous_1)
FN:23,(anonymous_2)
FN:37,(anonymous_3)
FNF:4
FNH:4
FNDA:4,(anonymous_0)
FNDA:4,(anonymous_1)
FNDA:2,(anonymous_2)
FNDA:3,(anonymous_3)
DA:1,4
DA:2,4
DA:9,4
DA:13,4
DA:14,4
DA:20,4
DA:24,2
DA:25,2
DA:26,2
DA:27,2
DA:28,2
DA:30,0
DA:31,0
DA:33,2
DA:38,3
DA:39,3
DA:40,3
DA:41,3
DA:42,3
DA:44,0
DA:45,0
DA:47,3
DA:52,4
LF:23
LH:19
BRDA:33,0,0,2
BRDA:33,0,1,0
BRDA:47,1,0,3
BRDA:47,1,1,0
BRF:4
BRH:2
end_of_record
TN:
SF:src/app/shared/infrastructure/utils/enviroment-variables.ts
FN:40,(anonymous_9)
FNF:1
FNH:1
FNDA:4,(anonymous_9)
DA:1,4
DA:2,4
DA:41,4
DA:42,4
DA:67,4
DA:71,4
LF:6
LH:6
BRDA:3,0,0,4
BRDA:3,0,1,0
BRDA:41,1,0,4
BRDA:41,1,1,0
BRDA:46,2,0,4
BRDA:46,2,1,4
BRDA:47,3,0,4
BRDA:47,3,1,0
BRDA:48,4,0,0
BRDA:48,4,1,4
BRDA:51,5,0,0
BRDA:51,5,1,0
BRDA:52,6,0,0
BRDA:52,6,1,0
BRDA:60,7,0,4
BRDA:60,7,1,0
BRDA:61,8,0,4
BRDA:61,8,1,0
BRDA:62,9,0,4
BRDA:62,9,1,0
BRDA:63,10,0,4
BRDA:63,10,1,0
BRF:22
BRH:10
end_of_record
